cl : 命令行 warning D9025: 正在重写“/FAcs”(用“/FAu”)
cl : 命令行 warning D9025: 正在重写“/FAcs”(用“/FAu”)
cl : 命令行 warning D9025: 正在重写“/FAcs”(用“/FAu”)
  gobang.cpp
  stdafx.cpp
c:\program files (x86)\microsoft visual studio\2017\community\vc\tools\msvc\14.16.27023\include\xtr1common(31): warning C4467: 已弃用 ATL 属性的使用情况 (编译源文件 gobang.cpp)
  c:\program files (x86)\microsoft visual studio\2017\community\vc\tools\msvc\14.16.27023\include\xtr1common(87): note: 参见对正在编译的 类 模板 实例化 "std::integral_constant<bool,false>" 的引用 (编译源文件 gobang.cpp)
  c:\program files (x86)\microsoft visual studio\2017\community\vc\tools\msvc\14.16.27023\include\xtr1common(88): note: 参见对正在编译的 类 模板 实例化 "std::is_same<_Ty1,_Ty2>" 的引用 (编译源文件 gobang.cpp)
c:\program files (x86)\microsoft visual studio\2017\community\vc\tools\msvc\14.16.27023\include\xtr1common(31): error C2337: “[”: 未找到特性 (编译源文件 gobang.cpp)
c:\program files (x86)\microsoft visual studio\2017\community\vc\tools\msvc\14.16.27023\include\xtr1common(31): error C2146: 语法错误: 缺少“]”(在标识符“nodiscard”的前面) (编译源文件 gobang.cpp)
c:\program files (x86)\microsoft visual studio\2017\community\vc\tools\msvc\14.16.27023\include\xtr1common(31): error C2143: 语法错误: 缺少“;”(在“]”的前面) (编译源文件 gobang.cpp)
c:\program files (x86)\microsoft visual studio\2017\community\vc\tools\msvc\14.16.27023\include\xtr1common(31): error C4430: 缺少类型说明符 - 假定为 int。注意: C++ 不支持默认 int (编译源文件 gobang.cpp)
c:\program files (x86)\microsoft visual studio\2017\community\vc\tools\msvc\14.16.27023\include\xtr1common(32): error C2334: “{”的前面有意外标记；跳过明显的函数体 (编译源文件 gobang.cpp)
c:\program files (x86)\microsoft visual studio\2017\community\vc\tools\msvc\14.16.27023\include\xtgmath.h(23): error C2760: 语法错误: 意外的令牌“long”，预期的令牌为“表达式” (编译源文件 gobang.cpp)
c:\program files (x86)\microsoft visual studio\2017\community\vc\tools\msvc\14.16.27023\include\xtr1common(31): warning C4467: 已弃用 ATL 属性的使用情况 (编译源文件 stdafx.cpp)
  c:\program files (x86)\microsoft visual studio\2017\community\vc\tools\msvc\14.16.27023\include\xtr1common(87): note: 参见对正在编译的 类 模板 实例化 "std::integral_constant<bool,false>" 的引用 (编译源文件 stdafx.cpp)
c:\program files (x86)\microsoft visual studio\2017\community\vc\tools\msvc\14.16.27023\include\xtgmath.h(23): error C2187: 语法错误: “double”出现在此处是意外 (编译源文件 gobang.cpp)
  c:\program files (x86)\microsoft visual studio\2017\community\vc\tools\msvc\14.16.27023\include\xtr1common(88): note: 参见对正在编译的 类 模板 实例化 "std::is_same<_Ty1,_Ty2>" 的引用 (编译源文件 stdafx.cpp)
c:\program files (x86)\microsoft visual studio\2017\community\vc\tools\msvc\14.16.27023\include\xtr1common(31): error C2337: “[”: 未找到特性 (编译源文件 stdafx.cpp)
c:\program files (x86)\microsoft visual studio\2017\community\vc\tools\msvc\14.16.27023\include\xtr1common(31): error C2146: 语法错误: 缺少“]”(在标识符“nodiscard”的前面) (编译源文件 stdafx.cpp)
c:\program files (x86)\microsoft visual studio\2017\community\vc\tools\msvc\14.16.27023\include\xtr1common(31): error C2143: 语法错误: 缺少“;”(在“]”的前面) (编译源文件 stdafx.cpp)
c:\program files (x86)\microsoft visual studio\2017\community\vc\tools\msvc\14.16.27023\include\xtr1common(31): error C4430: 缺少类型说明符 - 假定为 int。注意: C++ 不支持默认 int (编译源文件 stdafx.cpp)
c:\program files (x86)\microsoft visual studio\2017\community\vc\tools\msvc\14.16.27023\include\xtr1common(32): error C2334: “{”的前面有意外标记；跳过明显的函数体 (编译源文件 stdafx.cpp)
c:\program files (x86)\microsoft visual studio\2017\community\vc\tools\msvc\14.16.27023\include\xtgmath.h(23): error C2760: 语法错误: 意外的令牌“long”，预期的令牌为“表达式” (编译源文件 stdafx.cpp)
c:\program files (x86)\microsoft visual studio\2017\community\vc\tools\msvc\14.16.27023\include\xtgmath.h(23): error C2187: 语法错误: “double”出现在此处是意外 (编译源文件 stdafx.cpp)
c:\program files (x86)\microsoft visual studio\2017\community\vc\tools\msvc\14.16.27023\include\type_traits(37): error C2275: “_Ty”: 将此类型用作表达式非法 (编译源文件 stdafx.cpp)
  c:\program files (x86)\microsoft visual studio\2017\community\vc\tools\msvc\14.16.27023\include\type_traits(35): note: 参见“_Ty”的声明 (编译源文件 stdafx.cpp)
c:\program files (x86)\microsoft visual studio\2017\community\vc\tools\msvc\14.16.27023\include\type_traits(37): error C2923: “__make_integer_seq”: 对于参数“_T”，“_Ty”不是有效的 模板 类型变量 (编译源文件 stdafx.cpp)
  c:\program files (x86)\microsoft visual studio\2017\community\vc\tools\msvc\14.16.27023\include\type_traits(35): note: 参见“_Ty”的声明 (编译源文件 stdafx.cpp)
c:\program files (x86)\microsoft visual studio\2017\community\vc\tools\msvc\14.16.27023\include\type_traits(37): error C2275: “_Ty”: 将此类型用作表达式非法 (编译源文件 gobang.cpp)
  c:\program files (x86)\microsoft visual studio\2017\community\vc\tools\msvc\14.16.27023\include\type_traits(35): note: 参见“_Ty”的声明 (编译源文件 gobang.cpp)
c:\program files (x86)\microsoft visual studio\2017\community\vc\tools\msvc\14.16.27023\include\type_traits(37): error C2923: “__make_integer_seq”: 对于参数“_T”，“_Ty”不是有效的 模板 类型变量 (编译源文件 gobang.cpp)
  c:\program files (x86)\microsoft visual studio\2017\community\vc\tools\msvc\14.16.27023\include\type_traits(35): note: 参见“_Ty”的声明 (编译源文件 gobang.cpp)
c:\program files (x86)\microsoft visual studio\2017\community\vc\tools\msvc\14.16.27023\include\type_traits(60): error C2275: “_True”: 将此类型用作表达式非法 (编译源文件 stdafx.cpp)
  c:\program files (x86)\microsoft visual studio\2017\community\vc\tools\msvc\14.16.27023\include\type_traits(57): note: 参见“_True”的声明 (编译源文件 stdafx.cpp)
c:\program files (x86)\microsoft visual studio\2017\community\vc\tools\msvc\14.16.27023\include\type_traits(60): error C2275: “_Next”: 将此类型用作表达式非法 (编译源文件 stdafx.cpp)
  c:\program files (x86)\microsoft visual studio\2017\community\vc\tools\msvc\14.16.27023\include\type_traits(58): note: 参见“_Next”的声明 (编译源文件 stdafx.cpp)
c:\program files (x86)\microsoft visual studio\2017\community\vc\tools\msvc\14.16.27023\include\type_traits(60): error C2275: “_Rest”: 将此类型用作表达式非法 (编译源文件 stdafx.cpp)
c:\program files (x86)\microsoft visual studio\2017\community\vc\tools\msvc\14.16.27023\include\type_traits(60): error C2275: “_True”: 将此类型用作表达式非法 (编译源文件 gobang.cpp)
  c:\program files (x86)\microsoft visual studio\2017\community\vc\tools\msvc\14.16.27023\include\type_traits(59): note: 参见“_Rest”的声明 (编译源文件 stdafx.cpp)
  c:\program files (x86)\microsoft visual studio\2017\community\vc\tools\msvc\14.16.27023\include\type_traits(57): note: 参见“_True”的声明 (编译源文件 gobang.cpp)
c:\program files (x86)\microsoft visual studio\2017\community\vc\tools\msvc\14.16.27023\include\type_traits(61): error C3544: “_Rest”: 参数包需要一个类型模板参数 (编译源文件 stdafx.cpp)
c:\program files (x86)\microsoft visual studio\2017\community\vc\tools\msvc\14.16.27023\include\type_traits(60): error C2275: “_Next”: 将此类型用作表达式非法 (编译源文件 gobang.cpp)
c:\program files (x86)\microsoft visual studio\2017\community\vc\tools\msvc\14.16.27023\include\type_traits(63): error C3855: “std::_Conjunction”: 模板 参数“_First_value”与声明不兼容 (编译源文件 stdafx.cpp)
  c:\program files (x86)\microsoft visual studio\2017\community\vc\tools\msvc\14.16.27023\include\type_traits(58): note: 参见“_Next”的声明 (编译源文件 gobang.cpp)
c:\program files (x86)\microsoft visual studio\2017\community\vc\tools\msvc\14.16.27023\include\type_traits(60): error C2275: “_Rest”: 将此类型用作表达式非法 (编译源文件 gobang.cpp)
c:\program files (x86)\microsoft visual studio\2017\community\vc\tools\msvc\14.16.27023\include\type_traits(73): error C2275: “_Rest”: 将此类型用作表达式非法 (编译源文件 stdafx.cpp)
  c:\program files (x86)\microsoft visual studio\2017\community\vc\tools\msvc\14.16.27023\include\type_traits(72): note: 参见“_Rest”的声明 (编译源文件 stdafx.cpp)c:\program files (x86)\microsoft visual studio\2017\community\vc\tools\msvc\14.16.27023\include\type_traits(59): note: 参见“_Rest”的声明 (编译源文件 gobang.cpp)
  
c:\program files (x86)\microsoft visual studio\2017\community\vc\tools\msvc\14.16.27023\include\type_traits(74): error C3544: “_Traits”: 参数包需要一个类型模板参数 (编译源文件 stdafx.cpp)
c:\program files (x86)\microsoft visual studio\2017\community\vc\tools\msvc\14.16.27023\include\type_traits(61): error C3544: “_Rest”: 参数包需要一个类型模板参数 (编译源文件 gobang.cpp)
c:\program files (x86)\microsoft visual studio\2017\community\vc\tools\msvc\14.16.27023\include\type_traits(77): error C3855: “std::conjunction”: 模板 参数“_Traits”与声明不兼容 (编译源文件 stdafx.cpp)
c:\program files (x86)\microsoft visual studio\2017\community\vc\tools\msvc\14.16.27023\include\type_traits(63): error C3855: “std::_Conjunction”: 模板 参数“_First_value”与声明不兼容 (编译源文件 gobang.cpp)
c:\program files (x86)\microsoft visual studio\2017\community\vc\tools\msvc\14.16.27023\include\type_traits(77): error C2977: “std::conjunction”: 模板 参数太多 (编译源文件 stdafx.cpp)
c:\program files (x86)\microsoft visual studio\2017\community\vc\tools\msvc\14.16.27023\include\type_traits(73): error C2275: “_Rest”: 将此类型用作表达式非法 (编译源文件 gobang.cpp)
  c:\program files (x86)\microsoft visual studio\2017\community\vc\tools\msvc\14.16.27023\include\type_traits(73): note: 参见“std::conjunction”的声明 (编译源文件 stdafx.cpp)
  c:\program files (x86)\microsoft visual studio\2017\community\vc\tools\msvc\14.16.27023\include\type_traits(72): note: 参见“_Rest”的声明 (编译源文件 gobang.cpp)
c:\program files (x86)\microsoft visual studio\2017\community\vc\tools\msvc\14.16.27023\include\type_traits(74): error C3544: “_Traits”: 参数包需要一个类型模板参数 (编译源文件 gobang.cpp)
c:\program files (x86)\microsoft visual studio\2017\community\vc\tools\msvc\14.16.27023\include\type_traits(77): error C3855: “std::conjunction”: 模板 参数“_Traits”与声明不兼容 (编译源文件 gobang.cpp)
c:\program files (x86)\microsoft visual studio\2017\community\vc\tools\msvc\14.16.27023\include\type_traits(94): error C2275: “_False”: 将此类型用作表达式非法 (编译源文件 stdafx.cpp)
  c:\program files (x86)\microsoft visual studio\2017\community\vc\tools\msvc\14.16.27023\include\type_traits(91): note: 参见“_False”的声明 (编译源文件 stdafx.cpp)
c:\program files (x86)\microsoft visual studio\2017\community\vc\tools\msvc\14.16.27023\include\type_traits(77): error C2977: “std::conjunction”: 模板 参数太多 (编译源文件 gobang.cpp)
c:\program files (x86)\microsoft visual studio\2017\community\vc\tools\msvc\14.16.27023\include\type_traits(94): error C2275: “_Next”: 将此类型用作表达式非法 (编译源文件 stdafx.cpp)
  c:\program files (x86)\microsoft visual studio\2017\community\vc\tools\msvc\14.16.27023\include\type_traits(73): note: 参见“std::conjunction”的声明 (编译源文件 gobang.cpp)
  c:\program files (x86)\microsoft visual studio\2017\community\vc\tools\msvc\14.16.27023\include\type_traits(92): note: 参见“_Next”的声明 (编译源文件 stdafx.cpp)
c:\program files (x86)\microsoft visual studio\2017\community\vc\tools\msvc\14.16.27023\include\type_traits(94): error C2275: “_Rest”: 将此类型用作表达式非法 (编译源文件 stdafx.cpp)
c:\program files (x86)\microsoft visual studio\2017\community\vc\tools\msvc\14.16.27023\include\type_traits(94): error C2275: “_False”: 将此类型用作表达式非法 (编译源文件 gobang.cpp)
  c:\program files (x86)\microsoft visual studio\2017\community\vc\tools\msvc\14.16.27023\include\type_traits(93): note: 参见“_Rest”的声明 (编译源文件 stdafx.cpp)
  c:\program files (x86)\microsoft visual studio\2017\community\vc\tools\msvc\14.16.27023\include\type_traits(91): note: 参见“_False”的声明 (编译源文件 gobang.cpp)
c:\program files (x86)\microsoft visual studio\2017\community\vc\tools\msvc\14.16.27023\include\type_traits(95): error C3544: “_Rest”: 参数包需要一个类型模板参数 (编译源文件 stdafx.cpp)
c:\program files (x86)\microsoft visual studio\2017\community\vc\tools\msvc\14.16.27023\include\type_traits(94): error C2275: “_Next”: 将此类型用作表达式非法 (编译源文件 gobang.cpp)
c:\program files (x86)\microsoft visual studio\2017\community\vc\tools\msvc\14.16.27023\include\type_traits(97): error C3855: “std::_Disjunction”: 模板 参数“_First_value”与声明不兼容 (编译源文件 stdafx.cpp)
  c:\program files (x86)\microsoft visual studio\2017\community\vc\tools\msvc\14.16.27023\include\type_traits(92): note: 参见“_Next”的声明 (编译源文件 gobang.cpp)
c:\program files (x86)\microsoft visual studio\2017\community\vc\tools\msvc\14.16.27023\include\type_traits(107): error C2275: “_Rest”: 将此类型用作表达式非法 (编译源文件 stdafx.cpp)
c:\program files (x86)\microsoft visual studio\2017\community\vc\tools\msvc\14.16.27023\include\type_traits(94): error C2275: “_Rest”: 将此类型用作表达式非法 (编译源文件 gobang.cpp)
  c:\program files (x86)\microsoft visual studio\2017\community\vc\tools\msvc\14.16.27023\include\type_traits(106): note: 参见“_Rest”的声明 (编译源文件 stdafx.cpp)
  c:\program files (x86)\microsoft visual studio\2017\community\vc\tools\msvc\14.16.27023\include\type_traits(93): note: 参见“_Rest”的声明 (编译源文件 gobang.cpp)
c:\program files (x86)\microsoft visual studio\2017\community\vc\tools\msvc\14.16.27023\include\type_traits(108): error C3544: “_Traits”: 参数包需要一个类型模板参数 (编译源文件 stdafx.cpp)
c:\program files (x86)\microsoft visual studio\2017\community\vc\tools\msvc\14.16.27023\include\type_traits(95): error C3544: “_Rest”: 参数包需要一个类型模板参数 (编译源文件 gobang.cpp)
c:\program files (x86)\microsoft visual studio\2017\community\vc\tools\msvc\14.16.27023\include\type_traits(111): error C3855: “std::disjunction”: 模板 参数“_Traits”与声明不兼容 (编译源文件 stdafx.cpp)
c:\program files (x86)\microsoft visual studio\2017\community\vc\tools\msvc\14.16.27023\include\type_traits(97): error C3855: “std::_Disjunction”: 模板 参数“_First_value”与声明不兼容 (编译源文件 gobang.cpp)
c:\program files (x86)\microsoft visual studio\2017\community\vc\tools\msvc\14.16.27023\include\type_traits(111): error C2977: “std::disjunction”: 模板 参数太多 (编译源文件 stdafx.cpp)
c:\program files (x86)\microsoft visual studio\2017\community\vc\tools\msvc\14.16.27023\include\type_traits(107): error C2275: “_Rest”: 将此类型用作表达式非法 (编译源文件 gobang.cpp)
  c:\program files (x86)\microsoft visual studio\2017\community\vc\tools\msvc\14.16.27023\include\type_traits(107): note: 参见“std::disjunction”的声明 (编译源文件 stdafx.cpp)
  c:\program files (x86)\microsoft visual studio\2017\community\vc\tools\msvc\14.16.27023\include\type_traits(106): note: 参见“_Rest”的声明 (编译源文件 gobang.cpp)
c:\program files (x86)\microsoft visual studio\2017\community\vc\tools\msvc\14.16.27023\include\type_traits(108): error C3544: “_Traits”: 参数包需要一个类型模板参数 (编译源文件 gobang.cpp)
c:\program files (x86)\microsoft visual studio\2017\community\vc\tools\msvc\14.16.27023\include\type_traits(111): error C3855: “std::disjunction”: 模板 参数“_Traits”与声明不兼容 (编译源文件 gobang.cpp)
c:\program files (x86)\microsoft visual studio\2017\community\vc\tools\msvc\14.16.27023\include\type_traits(111): error C2977: “std::disjunction”: 模板 参数太多 (编译源文件 gobang.cpp)
c:\program files (x86)\microsoft visual studio\2017\community\vc\tools\msvc\14.16.27023\include\type_traits(145): error C2275: “_Ty2”: 将此类型用作表达式非法 (编译源文件 stdafx.cpp)
  c:\program files (x86)\microsoft visual studio\2017\community\vc\tools\msvc\14.16.27023\include\type_traits(107): note: 参见“std::disjunction”的声明 (编译源文件 gobang.cpp)
  c:\program files (x86)\microsoft visual studio\2017\community\vc\tools\msvc\14.16.27023\include\type_traits(144): note: 参见“_Ty2”的声明 (编译源文件 stdafx.cpp)
c:\program files (x86)\microsoft visual studio\2017\community\vc\tools\msvc\14.16.27023\include\type_traits(146): error C3544: “_Types”: 参数包需要一个类型模板参数 (编译源文件 stdafx.cpp)
c:\program files (x86)\microsoft visual studio\2017\community\vc\tools\msvc\14.16.27023\include\type_traits(149): error C3855: “std::_Arg_types”: 模板 参数“_Types”与声明不兼容 (编译源文件 stdafx.cpp)
c:\program files (x86)\microsoft visual studio\2017\community\vc\tools\msvc\14.16.27023\include\type_traits(145): error C2275: “_Ty2”: 将此类型用作表达式非法 (编译源文件 gobang.cpp)
c:\program files (x86)\microsoft visual studio\2017\community\vc\tools\msvc\14.16.27023\include\type_traits(149): error C2977: “std::_Arg_types”: 模板 参数太多 (编译源文件 stdafx.cpp)
  c:\program files (x86)\microsoft visual studio\2017\community\vc\tools\msvc\14.16.27023\include\type_traits(144): note: 参见“_Ty2”的声明 (编译源文件 gobang.cpp)
  c:\program files (x86)\microsoft visual studio\2017\community\vc\tools\msvc\14.16.27023\include\type_traits(145): note: 参见“std::_Arg_types”的声明 (编译源文件 stdafx.cpp)
c:\program files (x86)\microsoft visual studio\2017\community\vc\tools\msvc\14.16.27023\include\type_traits(146): error C3544: “_Types”: 参数包需要一个类型模板参数 (编译源文件 gobang.cpp)
c:\program files (x86)\microsoft visual studio\2017\community\vc\tools\msvc\14.16.27023\include\type_traits(149): error C3855: “std::_Arg_types”: 模板 参数“_Types”与声明不兼容 (编译源文件 gobang.cpp)
c:\program files (x86)\microsoft visual studio\2017\community\vc\tools\msvc\14.16.27023\include\type_traits(149): error C2977: “std::_Arg_types”: 模板 参数太多 (编译源文件 gobang.cpp)
c:\program files (x86)\microsoft visual studio\2017\community\vc\tools\msvc\14.16.27023\include\type_traits(168): error C2955: “std::_Arg_types”: 使用 类 模板 需要 模板 参数列表 (编译源文件 stdafx.cpp)
  c:\program files (x86)\microsoft visual studio\2017\community\vc\tools\msvc\14.16.27023\include\type_traits(145): note: 参见“std::_Arg_types”的声明 (编译源文件 gobang.cpp)
  c:\program files (x86)\microsoft visual studio\2017\community\vc\tools\msvc\14.16.27023\include\type_traits(145): note: 参见“std::_Arg_types”的声明 (编译源文件 stdafx.cpp)
  c:\program files (x86)\microsoft visual studio\2017\community\vc\tools\msvc\14.16.27023\include\type_traits(168): note: 参见对正在编译的 类 模板 实例化 "std::_Is_function<_Ret(_Types...)>" 的引用 (编译源文件 stdafx.cpp)
c:\program files (x86)\microsoft visual studio\2017\community\vc\tools\msvc\14.16.27023\include\type_traits(168): error C2955: “std::_Arg_types”: 使用 类 模板 需要 模板 参数列表 (编译源文件 stdafx.cpp)
  c:\program files (x86)\microsoft visual studio\2017\community\vc\tools\msvc\14.16.27023\include\type_traits(145): note: 参见“std::_Arg_types”的声明 (编译源文件 stdafx.cpp)
c:\program files (x86)\microsoft visual studio\2017\community\vc\tools\msvc\14.16.27023\include\type_traits(168): error C2955: “std::_Arg_types”: 使用 类 模板 需要 模板 参数列表 (编译源文件 gobang.cpp)c:\program files (x86)\microsoft visual studio\2017\community\vc\tools\msvc\14.16.27023\include\type_traits(168): note: 参见对正在编译的 类 模板 实例化 "std::_Is_function<_Ret(_Types...)>" 的引用 (编译源文件 stdafx.cpp)
  
  c:\program files (x86)\microsoft visual studio\2017\community\vc\tools\msvc\14.16.27023\include\type_traits(145): note: 参见“std::_Arg_types”的声明 (编译源文件 gobang.cpp)
c:\program files (x86)\microsoft visual studio\2017\community\vc\tools\msvc\14.16.27023\include\type_traits(168): error C2955: “std::_Arg_types”: 使用 类 模板 需要 模板 参数列表 (编译源文件 stdafx.cpp)
  c:\program files (x86)\microsoft visual studio\2017\community\vc\tools\msvc\14.16.27023\include\type_traits(168): note: 参见对正在编译的 类 模板 实例化 "std::_Is_function<_Ret(_Types...)>" 的引用 (编译源文件 gobang.cpp)
  c:\program files (x86)\microsoft visual studio\2017\community\vc\tools\msvc\14.16.27023\include\type_traits(145): note: 参见“std::_Arg_types”的声明 (编译源文件 stdafx.cpp)
  c:\program files (x86)\microsoft visual studio\2017\community\vc\tools\msvc\14.16.27023\include\type_traits(168): note: 参见对正在编译的 类 模板 实例化 "std::_Is_function<_Ret(_Types...) const>" 的引用 (编译源文件 stdafx.cpp)
c:\program files (x86)\microsoft visual studio\2017\community\vc\tools\msvc\14.16.27023\include\type_traits(168): error C2955: “std::_Arg_types”: 使用 类 模板 需要 模板 参数列表 (编译源文件 gobang.cpp)
  c:\program files (x86)\microsoft visual studio\2017\community\vc\tools\msvc\14.16.27023\include\type_traits(145): note: 参见“std::_Arg_types”的声明 (编译源文件 gobang.cpp)
  c:\program files (x86)\microsoft visual studio\2017\community\vc\tools\msvc\14.16.27023\include\type_traits(168): note: 参见对正在编译的 类 模板 实例化 "std::_Is_function<_Ret(_Types...)>" 的引用 (编译源文件 gobang.cpp)
c:\program files (x86)\microsoft visual studio\2017\community\vc\tools\msvc\14.16.27023\include\type_traits(168): error C2955: “std::_Arg_types”: 使用 类 模板 需要 模板 参数列表 (编译源文件 stdafx.cpp)
  c:\program files (x86)\microsoft visual studio\2017\community\vc\tools\msvc\14.16.27023\include\type_traits(145): note: 参见“std::_Arg_types”的声明 (编译源文件 stdafx.cpp)
  c:\program files (x86)\microsoft visual studio\2017\community\vc\tools\msvc\14.16.27023\include\type_traits(168): note: 参见对正在编译的 类 模板 实例化 "std::_Is_function<_Ret(_Types...) const>" 的引用 (编译源文件 stdafx.cpp)
c:\program files (x86)\microsoft visual studio\2017\community\vc\tools\msvc\14.16.27023\include\type_traits(168): error C2955: “std::_Arg_types”: 使用 类 模板 需要 模板 参数列表 (编译源文件 gobang.cpp)
  c:\program files (x86)\microsoft visual studio\2017\community\vc\tools\msvc\14.16.27023\include\type_traits(145): note: 参见“std::_Arg_types”的声明 (编译源文件 gobang.cpp)
  c:\program files (x86)\microsoft visual studio\2017\community\vc\tools\msvc\14.16.27023\include\type_traits(168): note: 参见对正在编译的 类 模板 实例化 "std::_Is_function<_Ret(_Types...) const>" 的引用 (编译源文件 gobang.cpp)
c:\program files (x86)\microsoft visual studio\2017\community\vc\tools\msvc\14.16.27023\include\type_traits(168): error C2955: “std::_Arg_types”: 使用 类 模板 需要 模板 参数列表 (编译源文件 stdafx.cpp)
  c:\program files (x86)\microsoft visual studio\2017\community\vc\tools\msvc\14.16.27023\include\type_traits(145): note: 参见“std::_Arg_types”的声明 (编译源文件 stdafx.cpp)
c:\program files (x86)\microsoft visual studio\2017\community\vc\tools\msvc\14.16.27023\include\type_traits(168): error C2955: “std::_Arg_types”: 使用 类 模板 需要 模板 参数列表 (编译源文件 gobang.cpp)
  c:\program files (x86)\microsoft visual studio\2017\community\vc\tools\msvc\14.16.27023\include\type_traits(168): note: 参见对正在编译的 类 模板 实例化 "std::_Is_function<_Ret(_Types...) volatile>" 的引用 (编译源文件 stdafx.cpp)
  c:\program files (x86)\microsoft visual studio\2017\community\vc\tools\msvc\14.16.27023\include\type_traits(145): note: 参见“std::_Arg_types”的声明 (编译源文件 gobang.cpp)
  c:\program files (x86)\microsoft visual studio\2017\community\vc\tools\msvc\14.16.27023\include\type_traits(168): note: 参见对正在编译的 类 模板 实例化 "std::_Is_function<_Ret(_Types...) const>" 的引用 (编译源文件 gobang.cpp)
c:\program files (x86)\microsoft visual studio\2017\community\vc\tools\msvc\14.16.27023\include\type_traits(168): error C2955: “std::_Arg_types”: 使用 类 模板 需要 模板 参数列表 (编译源文件 stdafx.cpp)
c:\program files (x86)\microsoft visual studio\2017\community\vc\tools\msvc\14.16.27023\include\type_traits(168): error C2955: “std::_Arg_types”: 使用 类 模板 需要 模板 参数列表 (编译源文件 gobang.cpp)
  c:\program files (x86)\microsoft visual studio\2017\community\vc\tools\msvc\14.16.27023\include\type_traits(145): note: 参见“std::_Arg_types”的声明 (编译源文件 stdafx.cpp)
  c:\program files (x86)\microsoft visual studio\2017\community\vc\tools\msvc\14.16.27023\include\type_traits(145): note: 参见“std::_Arg_types”的声明 (编译源文件 gobang.cpp)
  c:\program files (x86)\microsoft visual studio\2017\community\vc\tools\msvc\14.16.27023\include\type_traits(168): note: 参见对正在编译的 类 模板 实例化 "std::_Is_function<_Ret(_Types...) volatile>" 的引用 (编译源文件 stdafx.cpp)
  c:\program files (x86)\microsoft visual studio\2017\community\vc\tools\msvc\14.16.27023\include\type_traits(168): note: 参见对正在编译的 类 模板 实例化 "std::_Is_function<_Ret(_Types...) volatile>" 的引用 (编译源文件 gobang.cpp)
c:\program files (x86)\microsoft visual studio\2017\community\vc\tools\msvc\14.16.27023\include\type_traits(168): error C2955: “std::_Arg_types”: 使用 类 模板 需要 模板 参数列表 (编译源文件 stdafx.cpp)
  c:\program files (x86)\microsoft visual studio\2017\community\vc\tools\msvc\14.16.27023\include\type_traits(145): note: 参见“std::_Arg_types”的声明 (编译源文件 stdafx.cpp)
c:\program files (x86)\microsoft visual studio\2017\community\vc\tools\msvc\14.16.27023\include\type_traits(168): error C2955: “std::_Arg_types”: 使用 类 模板 需要 模板 参数列表 (编译源文件 gobang.cpp)
  c:\program files (x86)\microsoft visual studio\2017\community\vc\tools\msvc\14.16.27023\include\type_traits(168): note: 参见对正在编译的 类 模板 实例化 "std::_Is_function<_Ret(_Types...) volatile const>" 的引用 (编译源文件 stdafx.cpp)
  c:\program files (x86)\microsoft visual studio\2017\community\vc\tools\msvc\14.16.27023\include\type_traits(145): note: 参见“std::_Arg_types”的声明 (编译源文件 gobang.cpp)
  c:\program files (x86)\microsoft visual studio\2017\community\vc\tools\msvc\14.16.27023\include\type_traits(168): note: 参见对正在编译的 类 模板 实例化 "std::_Is_function<_Ret(_Types...) volatile>" 的引用 (编译源文件 gobang.cpp)
c:\program files (x86)\microsoft visual studio\2017\community\vc\tools\msvc\14.16.27023\include\type_traits(168): error C2955: “std::_Arg_types”: 使用 类 模板 需要 模板 参数列表 (编译源文件 stdafx.cpp)
  c:\program files (x86)\microsoft visual studio\2017\community\vc\tools\msvc\14.16.27023\include\type_traits(145): note: 参见“std::_Arg_types”的声明 (编译源文件 stdafx.cpp)
c:\program files (x86)\microsoft visual studio\2017\community\vc\tools\msvc\14.16.27023\include\type_traits(168): error C2955: “std::_Arg_types”: 使用 类 模板 需要 模板 参数列表 (编译源文件 gobang.cpp)
  c:\program files (x86)\microsoft visual studio\2017\community\vc\tools\msvc\14.16.27023\include\type_traits(168): note: 参见对正在编译的 类 模板 实例化 "std::_Is_function<_Ret(_Types...) volatile const>" 的引用 (编译源文件 stdafx.cpp)
  c:\program files (x86)\microsoft visual studio\2017\community\vc\tools\msvc\14.16.27023\include\type_traits(145): note: 参见“std::_Arg_types”的声明 (编译源文件 gobang.cpp)
  c:\program files (x86)\microsoft visual studio\2017\community\vc\tools\msvc\14.16.27023\include\type_traits(168): note: 参见对正在编译的 类 模板 实例化 "std::_Is_function<_Ret(_Types...) volatile const>" 的引用 (编译源文件 gobang.cpp)
c:\program files (x86)\microsoft visual studio\2017\community\vc\tools\msvc\14.16.27023\include\type_traits(168): error C2955: “std::_Arg_types”: 使用 类 模板 需要 模板 参数列表 (编译源文件 stdafx.cpp)
c:\program files (x86)\microsoft visual studio\2017\community\vc\tools\msvc\14.16.27023\include\type_traits(168): error C2955: “std::_Arg_types”: 使用 类 模板 需要 模板 参数列表 (编译源文件 gobang.cpp)
  c:\program files (x86)\microsoft visual studio\2017\community\vc\tools\msvc\14.16.27023\include\type_traits(145): note: 参见“std::_Arg_types”的声明 (编译源文件 stdafx.cpp)
  c:\program files (x86)\microsoft visual studio\2017\community\vc\tools\msvc\14.16.27023\include\type_traits(145): note: 参见“std::_Arg_types”的声明 (编译源文件 gobang.cpp)
  c:\program files (x86)\microsoft visual studio\2017\community\vc\tools\msvc\14.16.27023\include\type_traits(168): note: 参见对正在编译的 类 模板 实例化 "std::_Is_function<_Ret(_Types...) &>" 的引用 (编译源文件 stdafx.cpp)
  c:\program files (x86)\microsoft visual studio\2017\community\vc\tools\msvc\14.16.27023\include\type_traits(168): note: 参见对正在编译的 类 模板 实例化 "std::_Is_function<_Ret(_Types...) volatile const>" 的引用 (编译源文件 gobang.cpp)
c:\program files (x86)\microsoft visual studio\2017\community\vc\tools\msvc\14.16.27023\include\type_traits(168): error C2955: “std::_Arg_types”: 使用 类 模板 需要 模板 参数列表 (编译源文件 stdafx.cpp)
c:\program files (x86)\microsoft visual studio\2017\community\vc\tools\msvc\14.16.27023\include\type_traits(168): error C2955: “std::_Arg_types”: 使用 类 模板 需要 模板 参数列表 (编译源文件 gobang.cpp)
  c:\program files (x86)\microsoft visual studio\2017\community\vc\tools\msvc\14.16.27023\include\type_traits(145): note: 参见“std::_Arg_types”的声明 (编译源文件 stdafx.cpp)
  c:\program files (x86)\microsoft visual studio\2017\community\vc\tools\msvc\14.16.27023\include\type_traits(145): note: 参见“std::_Arg_types”的声明 (编译源文件 gobang.cpp)
  c:\program files (x86)\microsoft visual studio\2017\community\vc\tools\msvc\14.16.27023\include\type_traits(168): note: 参见对正在编译的 类 模板 实例化 "std::_Is_function<_Ret(_Types...) &>" 的引用 (编译源文件 stdafx.cpp)
  c:\program files (x86)\microsoft visual studio\2017\community\vc\tools\msvc\14.16.27023\include\type_traits(168): note: 参见对正在编译的 类 模板 实例化 "std::_Is_function<_Ret(_Types...) &>" 的引用 (编译源文件 gobang.cpp)
c:\program files (x86)\microsoft visual studio\2017\community\vc\tools\msvc\14.16.27023\include\type_traits(168): error C2955: “std::_Arg_types”: 使用 类 模板 需要 模板 参数列表 (编译源文件 stdafx.cpp)
c:\program files (x86)\microsoft visual studio\2017\community\vc\tools\msvc\14.16.27023\include\type_traits(168): error C2955: “std::_Arg_types”: 使用 类 模板 需要 模板 参数列表 (编译源文件 gobang.cpp)
  c:\program files (x86)\microsoft visual studio\2017\community\vc\tools\msvc\14.16.27023\include\type_traits(145): note: 参见“std::_Arg_types”的声明 (编译源文件 stdafx.cpp)
  c:\program files (x86)\microsoft visual studio\2017\community\vc\tools\msvc\14.16.27023\include\type_traits(145): note: 参见“std::_Arg_types”的声明 (编译源文件 gobang.cpp)
  c:\program files (x86)\microsoft visual studio\2017\community\vc\tools\msvc\14.16.27023\include\type_traits(168): note: 参见对正在编译的 类 模板 实例化 "std::_Is_function<_Ret(_Types...) const &>" 的引用 (编译源文件 stdafx.cpp)
  c:\program files (x86)\microsoft visual studio\2017\community\vc\tools\msvc\14.16.27023\include\type_traits(168): note: 参见对正在编译的 类 模板 实例化 "std::_Is_function<_Ret(_Types...) &>" 的引用 (编译源文件 gobang.cpp)
c:\program files (x86)\microsoft visual studio\2017\community\vc\tools\msvc\14.16.27023\include\type_traits(168): error C2955: “std::_Arg_types”: 使用 类 模板 需要 模板 参数列表 (编译源文件 stdafx.cpp)
  c:\program files (x86)\microsoft visual studio\2017\community\vc\tools\msvc\14.16.27023\include\type_traits(145): note: 参见“std::_Arg_types”的声明 (编译源文件 stdafx.cpp)
c:\program files (x86)\microsoft visual studio\2017\community\vc\tools\msvc\14.16.27023\include\type_traits(168): error C2955: “std::_Arg_types”: 使用 类 模板 需要 模板 参数列表 (编译源文件 gobang.cpp)
  c:\program files (x86)\microsoft visual studio\2017\community\vc\tools\msvc\14.16.27023\include\type_traits(168): note: 参见对正在编译的 类 模板 实例化 "std::_Is_function<_Ret(_Types...) const &>" 的引用 (编译源文件 stdafx.cpp)
  c:\program files (x86)\microsoft visual studio\2017\community\vc\tools\msvc\14.16.27023\include\type_traits(145): note: 参见“std::_Arg_types”的声明 (编译源文件 gobang.cpp)
  c:\program files (x86)\microsoft visual studio\2017\community\vc\tools\msvc\14.16.27023\include\type_traits(168): note: 参见对正在编译的 类 模板 实例化 "std::_Is_function<_Ret(_Types...) const &>" 的引用 (编译源文件 gobang.cpp)
c:\program files (x86)\microsoft visual studio\2017\community\vc\tools\msvc\14.16.27023\include\type_traits(168): error C2955: “std::_Arg_types”: 使用 类 模板 需要 模板 参数列表 (编译源文件 stdafx.cpp)
c:\program files (x86)\microsoft visual studio\2017\community\vc\tools\msvc\14.16.27023\include\type_traits(168): error C2955: “std::_Arg_types”: 使用 类 模板 需要 模板 参数列表 (编译源文件 gobang.cpp)
  c:\program files (x86)\microsoft visual studio\2017\community\vc\tools\msvc\14.16.27023\include\type_traits(145): note: 参见“std::_Arg_types”的声明 (编译源文件 gobang.cpp)
  c:\program files (x86)\microsoft visual studio\2017\community\vc\tools\msvc\14.16.27023\include\type_traits(145): note: 参见“std::_Arg_types”的声明 (编译源文件 stdafx.cpp)
  c:\program files (x86)\microsoft visual studio\2017\community\vc\tools\msvc\14.16.27023\include\type_traits(168): note: 参见对正在编译的 类 模板 实例化 "std::_Is_function<_Ret(_Types...) const &>" 的引用 (编译源文件 gobang.cpp)
  c:\program files (x86)\microsoft visual studio\2017\community\vc\tools\msvc\14.16.27023\include\type_traits(168): note: 参见对正在编译的 类 模板 实例化 "std::_Is_function<_Ret(_Types...) volatile &>" 的引用 (编译源文件 stdafx.cpp)
c:\program files (x86)\microsoft visual studio\2017\community\vc\tools\msvc\14.16.27023\include\type_traits(168): error C2955: “std::_Arg_types”: 使用 类 模板 需要 模板 参数列表 (编译源文件 gobang.cpp)
c:\program files (x86)\microsoft visual studio\2017\community\vc\tools\msvc\14.16.27023\include\type_traits(168): error C2955: “std::_Arg_types”: 使用 类 模板 需要 模板 参数列表 (编译源文件 stdafx.cpp)
  c:\program files (x86)\microsoft visual studio\2017\community\vc\tools\msvc\14.16.27023\include\type_traits(145): note: 参见“std::_Arg_types”的声明 (编译源文件 gobang.cpp)
  c:\program files (x86)\microsoft visual studio\2017\community\vc\tools\msvc\14.16.27023\include\type_traits(145): note: 参见“std::_Arg_types”的声明 (编译源文件 stdafx.cpp)
  c:\program files (x86)\microsoft visual studio\2017\community\vc\tools\msvc\14.16.27023\include\type_traits(168): note: 参见对正在编译的 类 模板 实例化 "std::_Is_function<_Ret(_Types...) volatile &>" 的引用 (编译源文件 gobang.cpp)
  c:\program files (x86)\microsoft visual studio\2017\community\vc\tools\msvc\14.16.27023\include\type_traits(168): note: 参见对正在编译的 类 模板 实例化 "std::_Is_function<_Ret(_Types...) volatile &>" 的引用 (编译源文件 stdafx.cpp)
c:\program files (x86)\microsoft visual studio\2017\community\vc\tools\msvc\14.16.27023\include\type_traits(168): error C2955: “std::_Arg_types”: 使用 类 模板 需要 模板 参数列表 (编译源文件 gobang.cpp)
c:\program files (x86)\microsoft visual studio\2017\community\vc\tools\msvc\14.16.27023\include\type_traits(168): error C2955: “std::_Arg_types”: 使用 类 模板 需要 模板 参数列表 (编译源文件 stdafx.cpp)
  c:\program files (x86)\microsoft visual studio\2017\community\vc\tools\msvc\14.16.27023\include\type_traits(145): note: 参见“std::_Arg_types”的声明 (编译源文件 gobang.cpp)
  c:\program files (x86)\microsoft visual studio\2017\community\vc\tools\msvc\14.16.27023\include\type_traits(145): note: 参见“std::_Arg_types”的声明 (编译源文件 stdafx.cpp)
  c:\program files (x86)\microsoft visual studio\2017\community\vc\tools\msvc\14.16.27023\include\type_traits(168): note: 参见对正在编译的 类 模板 实例化 "std::_Is_function<_Ret(_Types...) volatile &>" 的引用 (编译源文件 gobang.cpp)
  c:\program files (x86)\microsoft visual studio\2017\community\vc\tools\msvc\14.16.27023\include\type_traits(168): note: 参见对正在编译的 类 模板 实例化 "std::_Is_function<_Ret(_Types...) volatile const &>" 的引用 (编译源文件 stdafx.cpp)
c:\program files (x86)\microsoft visual studio\2017\community\vc\tools\msvc\14.16.27023\include\type_traits(168): error C2955: “std::_Arg_types”: 使用 类 模板 需要 模板 参数列表 (编译源文件 gobang.cpp)
c:\program files (x86)\microsoft visual studio\2017\community\vc\tools\msvc\14.16.27023\include\type_traits(168): error C2955: “std::_Arg_types”: 使用 类 模板 需要 模板 参数列表 (编译源文件 stdafx.cpp)
  c:\program files (x86)\microsoft visual studio\2017\community\vc\tools\msvc\14.16.27023\include\type_traits(145): note: 参见“std::_Arg_types”的声明 (编译源文件 gobang.cpp)
  c:\program files (x86)\microsoft visual studio\2017\community\vc\tools\msvc\14.16.27023\include\type_traits(145): note: 参见“std::_Arg_types”的声明 (编译源文件 stdafx.cpp)
  c:\program files (x86)\microsoft visual studio\2017\community\vc\tools\msvc\14.16.27023\include\type_traits(168): note: 参见对正在编译的 类 模板 实例化 "std::_Is_function<_Ret(_Types...) volatile const &>" 的引用 (编译源文件 gobang.cpp)
  c:\program files (x86)\microsoft visual studio\2017\community\vc\tools\msvc\14.16.27023\include\type_traits(168): note: 参见对正在编译的 类 模板 实例化 "std::_Is_function<_Ret(_Types...) volatile const &>" 的引用 (编译源文件 stdafx.cpp)
c:\program files (x86)\microsoft visual studio\2017\community\vc\tools\msvc\14.16.27023\include\type_traits(168): error C2955: “std::_Arg_types”: 使用 类 模板 需要 模板 参数列表 (编译源文件 gobang.cpp)
c:\program files (x86)\microsoft visual studio\2017\community\vc\tools\msvc\14.16.27023\include\type_traits(168): error C2955: “std::_Arg_types”: 使用 类 模板 需要 模板 参数列表 (编译源文件 stdafx.cpp)
  c:\program files (x86)\microsoft visual studio\2017\community\vc\tools\msvc\14.16.27023\include\type_traits(145): note: 参见“std::_Arg_types”的声明 (编译源文件 gobang.cpp)
  c:\program files (x86)\microsoft visual studio\2017\community\vc\tools\msvc\14.16.27023\include\type_traits(145): note: 参见“std::_Arg_types”的声明 (编译源文件 stdafx.cpp)
  c:\program files (x86)\microsoft visual studio\2017\community\vc\tools\msvc\14.16.27023\include\type_traits(168): note: 参见对正在编译的 类 模板 实例化 "std::_Is_function<_Ret(_Types...) volatile const &>" 的引用 (编译源文件 gobang.cpp)
  c:\program files (x86)\microsoft visual studio\2017\community\vc\tools\msvc\14.16.27023\include\type_traits(168): note: 参见对正在编译的 类 模板 实例化 "std::_Is_function<_Ret(_Types...) &&>" 的引用 (编译源文件 stdafx.cpp)
c:\program files (x86)\microsoft visual studio\2017\community\vc\tools\msvc\14.16.27023\include\type_traits(168): error C2955: “std::_Arg_types”: 使用 类 模板 需要 模板 参数列表 (编译源文件 gobang.cpp)
c:\program files (x86)\microsoft visual studio\2017\community\vc\tools\msvc\14.16.27023\include\type_traits(168): error C2955: “std::_Arg_types”: 使用 类 模板 需要 模板 参数列表 (编译源文件 stdafx.cpp)
  c:\program files (x86)\microsoft visual studio\2017\community\vc\tools\msvc\14.16.27023\include\type_traits(145): note: 参见“std::_Arg_types”的声明 (编译源文件 gobang.cpp)
  c:\program files (x86)\microsoft visual studio\2017\community\vc\tools\msvc\14.16.27023\include\type_traits(145): note: 参见“std::_Arg_types”的声明 (编译源文件 stdafx.cpp)
  c:\program files (x86)\microsoft visual studio\2017\community\vc\tools\msvc\14.16.27023\include\type_traits(168): note: 参见对正在编译的 类 模板 实例化 "std::_Is_function<_Ret(_Types...) &&>" 的引用 (编译源文件 gobang.cpp)
  c:\program files (x86)\microsoft visual studio\2017\community\vc\tools\msvc\14.16.27023\include\type_traits(168): note: 参见对正在编译的 类 模板 实例化 "std::_Is_function<_Ret(_Types...) &&>" 的引用 (编译源文件 stdafx.cpp)
c:\program files (x86)\microsoft visual studio\2017\community\vc\tools\msvc\14.16.27023\include\type_traits(168): error C2955: “std::_Arg_types”: 使用 类 模板 需要 模板 参数列表 (编译源文件 gobang.cpp)
  c:\program files (x86)\microsoft visual studio\2017\community\vc\tools\msvc\14.16.27023\include\type_traits(145): note: 参见“std::_Arg_types”的声明 (编译源文件 gobang.cpp)
c:\program files (x86)\microsoft visual studio\2017\community\vc\tools\msvc\14.16.27023\include\type_traits(168): error C2955: “std::_Arg_types”: 使用 类 模板 需要 模板 参数列表 (编译源文件 stdafx.cpp)
  c:\program files (x86)\microsoft visual studio\2017\community\vc\tools\msvc\14.16.27023\include\type_traits(168): note: 参见对正在编译的 类 模板 实例化 "std::_Is_function<_Ret(_Types...) &&>" 的引用 (编译源文件 gobang.cpp)
  c:\program files (x86)\microsoft visual studio\2017\community\vc\tools\msvc\14.16.27023\include\type_traits(145): note: 参见“std::_Arg_types”的声明 (编译源文件 stdafx.cpp)
  c:\program files (x86)\microsoft visual studio\2017\community\vc\tools\msvc\14.16.27023\include\type_traits(168): note: 参见对正在编译的 类 模板 实例化 "std::_Is_function<_Ret(_Types...) const &&>" 的引用 (编译源文件 stdafx.cpp)
c:\program files (x86)\microsoft visual studio\2017\community\vc\tools\msvc\14.16.27023\include\type_traits(168): error C2955: “std::_Arg_types”: 使用 类 模板 需要 模板 参数列表 (编译源文件 gobang.cpp)
  c:\program files (x86)\microsoft visual studio\2017\community\vc\tools\msvc\14.16.27023\include\type_traits(145): note: 参见“std::_Arg_types”的声明 (编译源文件 gobang.cpp)
c:\program files (x86)\microsoft visual studio\2017\community\vc\tools\msvc\14.16.27023\include\type_traits(168): error C2955: “std::_Arg_types”: 使用 类 模板 需要 模板 参数列表 (编译源文件 stdafx.cpp)
  c:\program files (x86)\microsoft visual studio\2017\community\vc\tools\msvc\14.16.27023\include\type_traits(145): note: 参见“std::_Arg_types”的声明 (编译源文件 stdafx.cpp)
  c:\program files (x86)\microsoft visual studio\2017\community\vc\tools\msvc\14.16.27023\include\type_traits(168): note: 参见对正在编译的 类 模板 实例化 "std::_Is_function<_Ret(_Types...) const &&>" 的引用 (编译源文件 gobang.cpp)
  c:\program files (x86)\microsoft visual studio\2017\community\vc\tools\msvc\14.16.27023\include\type_traits(168): note: 参见对正在编译的 类 模板 实例化 "std::_Is_function<_Ret(_Types...) const &&>" 的引用 (编译源文件 stdafx.cpp)
c:\program files (x86)\microsoft visual studio\2017\community\vc\tools\msvc\14.16.27023\include\type_traits(168): error C2955: “std::_Arg_types”: 使用 类 模板 需要 模板 参数列表 (编译源文件 gobang.cpp)
c:\program files (x86)\microsoft visual studio\2017\community\vc\tools\msvc\14.16.27023\include\type_traits(168): error C2955: “std::_Arg_types”: 使用 类 模板 需要 模板 参数列表 (编译源文件 stdafx.cpp)
  c:\program files (x86)\microsoft visual studio\2017\community\vc\tools\msvc\14.16.27023\include\type_traits(145): note: 参见“std::_Arg_types”的声明 (编译源文件 gobang.cpp)
  c:\program files (x86)\microsoft visual studio\2017\community\vc\tools\msvc\14.16.27023\include\type_traits(145): note: 参见“std::_Arg_types”的声明 (编译源文件 stdafx.cpp)
  c:\program files (x86)\microsoft visual studio\2017\community\vc\tools\msvc\14.16.27023\include\type_traits(168): note: 参见对正在编译的 类 模板 实例化 "std::_Is_function<_Ret(_Types...) const &&>" 的引用 (编译源文件 gobang.cpp)
  c:\program files (x86)\microsoft visual studio\2017\community\vc\tools\msvc\14.16.27023\include\type_traits(168): note: 参见对正在编译的 类 模板 实例化 "std::_Is_function<_Ret(_Types...) volatile &&>" 的引用 (编译源文件 stdafx.cpp)
c:\program files (x86)\microsoft visual studio\2017\community\vc\tools\msvc\14.16.27023\include\type_traits(168): error C2955: “std::_Arg_types”: 使用 类 模板 需要 模板 参数列表 (编译源文件 gobang.cpp)
  c:\program files (x86)\microsoft visual studio\2017\community\vc\tools\msvc\14.16.27023\include\type_traits(145): note: 参见“std::_Arg_types”的声明 (编译源文件 gobang.cpp)
c:\program files (x86)\microsoft visual studio\2017\community\vc\tools\msvc\14.16.27023\include\type_traits(168): error C2955: “std::_Arg_types”: 使用 类 模板 需要 模板 参数列表 (编译源文件 stdafx.cpp)
  c:\program files (x86)\microsoft visual studio\2017\community\vc\tools\msvc\14.16.27023\include\type_traits(168): note: 参见对正在编译的 类 模板 实例化 "std::_Is_function<_Ret(_Types...) volatile &&>" 的引用 (编译源文件 gobang.cpp)
  c:\program files (x86)\microsoft visual studio\2017\community\vc\tools\msvc\14.16.27023\include\type_traits(145): note: 参见“std::_Arg_types”的声明 (编译源文件 stdafx.cpp)
  c:\program files (x86)\microsoft visual studio\2017\community\vc\tools\msvc\14.16.27023\include\type_traits(168): note: 参见对正在编译的 类 模板 实例化 "std::_Is_function<_Ret(_Types...) volatile &&>" 的引用 (编译源文件 stdafx.cpp)
c:\program files (x86)\microsoft visual studio\2017\community\vc\tools\msvc\14.16.27023\include\type_traits(168): error C2955: “std::_Arg_types”: 使用 类 模板 需要 模板 参数列表 (编译源文件 gobang.cpp)
c:\program files (x86)\microsoft visual studio\2017\community\vc\tools\msvc\14.16.27023\include\type_traits(168): error C2955: “std::_Arg_types”: 使用 类 模板 需要 模板 参数列表 (编译源文件 stdafx.cpp)
  c:\program files (x86)\microsoft visual studio\2017\community\vc\tools\msvc\14.16.27023\include\type_traits(145): note: 参见“std::_Arg_types”的声明 (编译源文件 gobang.cpp)
  c:\program files (x86)\microsoft visual studio\2017\community\vc\tools\msvc\14.16.27023\include\type_traits(145): note: 参见“std::_Arg_types”的声明 (编译源文件 stdafx.cpp)
  c:\program files (x86)\microsoft visual studio\2017\community\vc\tools\msvc\14.16.27023\include\type_traits(168): note: 参见对正在编译的 类 模板 实例化 "std::_Is_function<_Ret(_Types...) volatile &&>" 的引用 (编译源文件 gobang.cpp)
  c:\program files (x86)\microsoft visual studio\2017\community\vc\tools\msvc\14.16.27023\include\type_traits(168): note: 参见对正在编译的 类 模板 实例化 "std::_Is_function<_Ret(_Types...) volatile const &&>" 的引用 (编译源文件 stdafx.cpp)
c:\program files (x86)\microsoft visual studio\2017\community\vc\tools\msvc\14.16.27023\include\type_traits(168): error C2955: “std::_Arg_types”: 使用 类 模板 需要 模板 参数列表 (编译源文件 gobang.cpp)
c:\program files (x86)\microsoft visual studio\2017\community\vc\tools\msvc\14.16.27023\include\type_traits(168): error C2955: “std::_Arg_types”: 使用 类 模板 需要 模板 参数列表 (编译源文件 stdafx.cpp)
  c:\program files (x86)\microsoft visual studio\2017\community\vc\tools\msvc\14.16.27023\include\type_traits(145): note: 参见“std::_Arg_types”的声明 (编译源文件 gobang.cpp)
  c:\program files (x86)\microsoft visual studio\2017\community\vc\tools\msvc\14.16.27023\include\type_traits(145): note: 参见“std::_Arg_types”的声明 (编译源文件 stdafx.cpp)
  c:\program files (x86)\microsoft visual studio\2017\community\vc\tools\msvc\14.16.27023\include\type_traits(168): note: 参见对正在编译的 类 模板 实例化 "std::_Is_function<_Ret(_Types...) volatile const &&>" 的引用 (编译源文件 gobang.cpp)
  c:\program files (x86)\microsoft visual studio\2017\community\vc\tools\msvc\14.16.27023\include\type_traits(168): note: 参见对正在编译的 类 模板 实例化 "std::_Is_function<_Ret(_Types...) volatile const &&>" 的引用 (编译源文件 stdafx.cpp)
c:\program files (x86)\microsoft visual studio\2017\community\vc\tools\msvc\14.16.27023\include\type_traits(168): error C2955: “std::_Arg_types”: 使用 类 模板 需要 模板 参数列表 (编译源文件 gobang.cpp)
c:\program files (x86)\microsoft visual studio\2017\community\vc\tools\msvc\14.16.27023\include\type_traits(168): error C2955: “std::_Arg_types”: 使用 类 模板 需要 模板 参数列表 (编译源文件 stdafx.cpp)
  c:\program files (x86)\microsoft visual studio\2017\community\vc\tools\msvc\14.16.27023\include\type_traits(145): note: 参见“std::_Arg_types”的声明 (编译源文件 gobang.cpp)
  c:\program files (x86)\microsoft visual studio\2017\community\vc\tools\msvc\14.16.27023\include\type_traits(145): note: 参见“std::_Arg_types”的声明 (编译源文件 stdafx.cpp)
  c:\program files (x86)\microsoft visual studio\2017\community\vc\tools\msvc\14.16.27023\include\type_traits(168): note: 参见对正在编译的 类 模板 实例化 "std::_Is_function<_Ret(_Types...) volatile const &&>" 的引用 (编译源文件 gobang.cpp)
  c:\program files (x86)\microsoft visual studio\2017\community\vc\tools\msvc\14.16.27023\include\type_traits(168): note: 参见对正在编译的 类 模板 实例化 "std::_Is_function<_Ret(_Types...) noexcept>" 的引用 (编译源文件 stdafx.cpp)
c:\program files (x86)\microsoft visual studio\2017\community\vc\tools\msvc\14.16.27023\include\type_traits(168): error C2955: “std::_Arg_types”: 使用 类 模板 需要 模板 参数列表 (编译源文件 gobang.cpp)
c:\program files (x86)\microsoft visual studio\2017\community\vc\tools\msvc\14.16.27023\include\type_traits(168): error C2955: “std::_Arg_types”: 使用 类 模板 需要 模板 参数列表 (编译源文件 stdafx.cpp)
  c:\program files (x86)\microsoft visual studio\2017\community\vc\tools\msvc\14.16.27023\include\type_traits(145): note: 参见“std::_Arg_types”的声明 (编译源文件 gobang.cpp)
  c:\program files (x86)\microsoft visual studio\2017\community\vc\tools\msvc\14.16.27023\include\type_traits(145): note: 参见“std::_Arg_types”的声明 (编译源文件 stdafx.cpp)
  c:\program files (x86)\microsoft visual studio\2017\community\vc\tools\msvc\14.16.27023\include\type_traits(168): note: 参见对正在编译的 类 模板 实例化 "std::_Is_function<_Ret(_Types...) noexcept>" 的引用 (编译源文件 gobang.cpp)
  c:\program files (x86)\microsoft visual studio\2017\community\vc\tools\msvc\14.16.27023\include\type_traits(168): note: 参见对正在编译的 类 模板 实例化 "std::_Is_function<_Ret(_Types...) noexcept>" 的引用 (编译源文件 stdafx.cpp)
c:\program files (x86)\microsoft visual studio\2017\community\vc\tools\msvc\14.16.27023\include\type_traits(168): error C2955: “std::_Arg_types”: 使用 类 模板 需要 模板 参数列表 (编译源文件 gobang.cpp)
c:\program files (x86)\microsoft visual studio\2017\community\vc\tools\msvc\14.16.27023\include\type_traits(168): error C2955: “std::_Arg_types”: 使用 类 模板 需要 模板 参数列表 (编译源文件 stdafx.cpp)c:\program files (x86)\microsoft visual studio\2017\community\vc\tools\msvc\14.16.27023\include\type_traits(145): note: 参见“std::_Arg_types”的声明 (编译源文件 gobang.cpp)
  
  c:\program files (x86)\microsoft visual studio\2017\community\vc\tools\msvc\14.16.27023\include\type_traits(145): note: 参见“std::_Arg_types”的声明 (编译源文件 stdafx.cpp)
  c:\program files (x86)\microsoft visual studio\2017\community\vc\tools\msvc\14.16.27023\include\type_traits(168): note: 参见对正在编译的 类 模板 实例化 "std::_Is_function<_Ret(_Types...) noexcept>" 的引用 (编译源文件 gobang.cpp)
  c:\program files (x86)\microsoft visual studio\2017\community\vc\tools\msvc\14.16.27023\include\type_traits(168): note: 参见对正在编译的 类 模板 实例化 "std::_Is_function<_Ret(_Types...) noexcept const>" 的引用 (编译源文件 stdafx.cpp)
c:\program files (x86)\microsoft visual studio\2017\community\vc\tools\msvc\14.16.27023\include\type_traits(168): error C2955: “std::_Arg_types”: 使用 类 模板 需要 模板 参数列表 (编译源文件 gobang.cpp)
  c:\program files (x86)\microsoft visual studio\2017\community\vc\tools\msvc\14.16.27023\include\type_traits(145): note: 参见“std::_Arg_types”的声明 (编译源文件 gobang.cpp)
c:\program files (x86)\microsoft visual studio\2017\community\vc\tools\msvc\14.16.27023\include\type_traits(168): error C2955: “std::_Arg_types”: 使用 类 模板 需要 模板 参数列表 (编译源文件 stdafx.cpp)
  c:\program files (x86)\microsoft visual studio\2017\community\vc\tools\msvc\14.16.27023\include\type_traits(168): note: 参见对正在编译的 类 模板 实例化 "std::_Is_function<_Ret(_Types...) noexcept const>" 的引用 (编译源文件 gobang.cpp)
  c:\program files (x86)\microsoft visual studio\2017\community\vc\tools\msvc\14.16.27023\include\type_traits(145): note: 参见“std::_Arg_types”的声明 (编译源文件 stdafx.cpp)
  c:\program files (x86)\microsoft visual studio\2017\community\vc\tools\msvc\14.16.27023\include\type_traits(168): note: 参见对正在编译的 类 模板 实例化 "std::_Is_function<_Ret(_Types...) noexcept const>" 的引用 (编译源文件 stdafx.cpp)
c:\program files (x86)\microsoft visual studio\2017\community\vc\tools\msvc\14.16.27023\include\type_traits(168): error C2955: “std::_Arg_types”: 使用 类 模板 需要 模板 参数列表 (编译源文件 gobang.cpp)
  c:\program files (x86)\microsoft visual studio\2017\community\vc\tools\msvc\14.16.27023\include\type_traits(145): note: 参见“std::_Arg_types”的声明 (编译源文件 gobang.cpp)
  c:\program files (x86)\microsoft visual studio\2017\community\vc\tools\msvc\14.16.27023\include\type_traits(168): note: 参见对正在编译的 类 模板 实例化 "std::_Is_function<_Ret(_Types...) noexcept const>" 的引用 (编译源文件 gobang.cpp)
c:\program files (x86)\microsoft visual studio\2017\community\vc\tools\msvc\14.16.27023\include\type_traits(168): error C2955: “std::_Arg_types”: 使用 类 模板 需要 模板 参数列表 (编译源文件 stdafx.cpp)
  c:\program files (x86)\microsoft visual studio\2017\community\vc\tools\msvc\14.16.27023\include\type_traits(145): note: 参见“std::_Arg_types”的声明 (编译源文件 stdafx.cpp)
c:\program files (x86)\microsoft visual studio\2017\community\vc\tools\msvc\14.16.27023\include\type_traits(168): error C2955: “std::_Arg_types”: 使用 类 模板 需要 模板 参数列表 (编译源文件 gobang.cpp)
  c:\program files (x86)\microsoft visual studio\2017\community\vc\tools\msvc\14.16.27023\include\type_traits(168): note: 参见对正在编译的 类 模板 实例化 "std::_Is_function<_Ret(_Types...) noexcept volatile>" 的引用 (编译源文件 stdafx.cpp)
  c:\program files (x86)\microsoft visual studio\2017\community\vc\tools\msvc\14.16.27023\include\type_traits(145): note: 参见“std::_Arg_types”的声明 (编译源文件 gobang.cpp)
  c:\program files (x86)\microsoft visual studio\2017\community\vc\tools\msvc\14.16.27023\include\type_traits(168): note: 参见对正在编译的 类 模板 实例化 "std::_Is_function<_Ret(_Types...) noexcept volatile>" 的引用 (编译源文件 gobang.cpp)
c:\program files (x86)\microsoft visual studio\2017\community\vc\tools\msvc\14.16.27023\include\type_traits(168): error C2955: “std::_Arg_types”: 使用 类 模板 需要 模板 参数列表 (编译源文件 stdafx.cpp)
c:\program files (x86)\microsoft visual studio\2017\community\vc\tools\msvc\14.16.27023\include\type_traits(168): error C2955: “std::_Arg_types”: 使用 类 模板 需要 模板 参数列表 (编译源文件 gobang.cpp)
  c:\program files (x86)\microsoft visual studio\2017\community\vc\tools\msvc\14.16.27023\include\type_traits(145): note: 参见“std::_Arg_types”的声明 (编译源文件 stdafx.cpp)
  c:\program files (x86)\microsoft visual studio\2017\community\vc\tools\msvc\14.16.27023\include\type_traits(145): note: 参见“std::_Arg_types”的声明 (编译源文件 gobang.cpp)
  c:\program files (x86)\microsoft visual studio\2017\community\vc\tools\msvc\14.16.27023\include\type_traits(168): note: 参见对正在编译的 类 模板 实例化 "std::_Is_function<_Ret(_Types...) noexcept volatile>" 的引用 (编译源文件 stdafx.cpp)
  c:\program files (x86)\microsoft visual studio\2017\community\vc\tools\msvc\14.16.27023\include\type_traits(168): note: 参见对正在编译的 类 模板 实例化 "std::_Is_function<_Ret(_Types...) noexcept volatile>" 的引用 (编译源文件 gobang.cpp)
c:\program files (x86)\microsoft visual studio\2017\community\vc\tools\msvc\14.16.27023\include\type_traits(168): error C2955: “std::_Arg_types”: 使用 类 模板 需要 模板 参数列表 (编译源文件 stdafx.cpp)
c:\program files (x86)\microsoft visual studio\2017\community\vc\tools\msvc\14.16.27023\include\type_traits(168): error C2955: “std::_Arg_types”: 使用 类 模板 需要 模板 参数列表 (编译源文件 gobang.cpp)
  c:\program files (x86)\microsoft visual studio\2017\community\vc\tools\msvc\14.16.27023\include\type_traits(145): note: 参见“std::_Arg_types”的声明 (编译源文件 stdafx.cpp)
  c:\program files (x86)\microsoft visual studio\2017\community\vc\tools\msvc\14.16.27023\include\type_traits(145): note: 参见“std::_Arg_types”的声明 (编译源文件 gobang.cpp)
  c:\program files (x86)\microsoft visual studio\2017\community\vc\tools\msvc\14.16.27023\include\type_traits(168): note: 参见对正在编译的 类 模板 实例化 "std::_Is_function<_Ret(_Types...) noexcept volatile const>" 的引用 (编译源文件 stdafx.cpp)
  c:\program files (x86)\microsoft visual studio\2017\community\vc\tools\msvc\14.16.27023\include\type_traits(168): note: 参见对正在编译的 类 模板 实例化 "std::_Is_function<_Ret(_Types...) noexcept volatile const>" 的引用 (编译源文件 gobang.cpp)
c:\program files (x86)\microsoft visual studio\2017\community\vc\tools\msvc\14.16.27023\include\type_traits(168): error C2955: “std::_Arg_types”: 使用 类 模板 需要 模板 参数列表 (编译源文件 stdafx.cpp)
  c:\program files (x86)\microsoft visual studio\2017\community\vc\tools\msvc\14.16.27023\include\type_traits(145): note: 参见“std::_Arg_types”的声明 (编译源文件 stdafx.cpp)
c:\program files (x86)\microsoft visual studio\2017\community\vc\tools\msvc\14.16.27023\include\type_traits(168): error C2955: “std::_Arg_types”: 使用 类 模板 需要 模板 参数列表 (编译源文件 gobang.cpp)
  c:\program files (x86)\microsoft visual studio\2017\community\vc\tools\msvc\14.16.27023\include\type_traits(168): note: 参见对正在编译的 类 模板 实例化 "std::_Is_function<_Ret(_Types...) noexcept volatile const>" 的引用 (编译源文件 stdafx.cpp)
  c:\program files (x86)\microsoft visual studio\2017\community\vc\tools\msvc\14.16.27023\include\type_traits(145): note: 参见“std::_Arg_types”的声明 (编译源文件 gobang.cpp)
  c:\program files (x86)\microsoft visual studio\2017\community\vc\tools\msvc\14.16.27023\include\type_traits(168): note: 参见对正在编译的 类 模板 实例化 "std::_Is_function<_Ret(_Types...) noexcept volatile const>" 的引用 (编译源文件 gobang.cpp)
c:\program files (x86)\microsoft visual studio\2017\community\vc\tools\msvc\14.16.27023\include\type_traits(168): error C2955: “std::_Arg_types”: 使用 类 模板 需要 模板 参数列表 (编译源文件 stdafx.cpp)
c:\program files (x86)\microsoft visual studio\2017\community\vc\tools\msvc\14.16.27023\include\type_traits(168): error C2955: “std::_Arg_types”: 使用 类 模板 需要 模板 参数列表 (编译源文件 gobang.cpp)
  c:\program files (x86)\microsoft visual studio\2017\community\vc\tools\msvc\14.16.27023\include\type_traits(145): note: 参见“std::_Arg_types”的声明 (编译源文件 stdafx.cpp)
  c:\program files (x86)\microsoft visual studio\2017\community\vc\tools\msvc\14.16.27023\include\type_traits(145): note: 参见“std::_Arg_types”的声明 (编译源文件 gobang.cpp)
  c:\program files (x86)\microsoft visual studio\2017\community\vc\tools\msvc\14.16.27023\include\type_traits(168): note: 参见对正在编译的 类 模板 实例化 "std::_Is_function<_Ret(_Types...) noexcept &>" 的引用 (编译源文件 stdafx.cpp)
  c:\program files (x86)\microsoft visual studio\2017\community\vc\tools\msvc\14.16.27023\include\type_traits(168): note: 参见对正在编译的 类 模板 实例化 "std::_Is_function<_Ret(_Types...) noexcept &>" 的引用 (编译源文件 gobang.cpp)
c:\program files (x86)\microsoft visual studio\2017\community\vc\tools\msvc\14.16.27023\include\type_traits(168): error C2955: “std::_Arg_types”: 使用 类 模板 需要 模板 参数列表 (编译源文件 stdafx.cpp)
  c:\program files (x86)\microsoft visual studio\2017\community\vc\tools\msvc\14.16.27023\include\type_traits(145): note: 参见“std::_Arg_types”的声明 (编译源文件 stdafx.cpp)
c:\program files (x86)\microsoft visual studio\2017\community\vc\tools\msvc\14.16.27023\include\type_traits(168): error C2955: “std::_Arg_types”: 使用 类 模板 需要 模板 参数列表 (编译源文件 gobang.cpp)
  c:\program files (x86)\microsoft visual studio\2017\community\vc\tools\msvc\14.16.27023\include\type_traits(145): note: 参见“std::_Arg_types”的声明 (编译源文件 gobang.cpp)
  c:\program files (x86)\microsoft visual studio\2017\community\vc\tools\msvc\14.16.27023\include\type_traits(168): note: 参见对正在编译的 类 模板 实例化 "std::_Is_function<_Ret(_Types...) noexcept &>" 的引用 (编译源文件 stdafx.cpp)
  c:\program files (x86)\microsoft visual studio\2017\community\vc\tools\msvc\14.16.27023\include\type_traits(168): note: 参见对正在编译的 类 模板 实例化 "std::_Is_function<_Ret(_Types...) noexcept &>" 的引用 (编译源文件 gobang.cpp)
c:\program files (x86)\microsoft visual studio\2017\community\vc\tools\msvc\14.16.27023\include\type_traits(168): error C2955: “std::_Arg_types”: 使用 类 模板 需要 模板 参数列表 (编译源文件 stdafx.cpp)
c:\program files (x86)\microsoft visual studio\2017\community\vc\tools\msvc\14.16.27023\include\type_traits(168): error C2955: “std::_Arg_types”: 使用 类 模板 需要 模板 参数列表 (编译源文件 gobang.cpp)
  c:\program files (x86)\microsoft visual studio\2017\community\vc\tools\msvc\14.16.27023\include\type_traits(145): note: 参见“std::_Arg_types”的声明 (编译源文件 stdafx.cpp)
  c:\program files (x86)\microsoft visual studio\2017\community\vc\tools\msvc\14.16.27023\include\type_traits(145): note: 参见“std::_Arg_types”的声明 (编译源文件 gobang.cpp)
  c:\program files (x86)\microsoft visual studio\2017\community\vc\tools\msvc\14.16.27023\include\type_traits(168): note: 参见对正在编译的 类 模板 实例化 "std::_Is_function<_Ret(_Types...) noexcept const &>" 的引用 (编译源文件 stdafx.cpp)
  c:\program files (x86)\microsoft visual studio\2017\community\vc\tools\msvc\14.16.27023\include\type_traits(168): note: 参见对正在编译的 类 模板 实例化 "std::_Is_function<_Ret(_Types...) noexcept const &>" 的引用 (编译源文件 gobang.cpp)
c:\program files (x86)\microsoft visual studio\2017\community\vc\tools\msvc\14.16.27023\include\type_traits(168): error C2955: “std::_Arg_types”: 使用 类 模板 需要 模板 参数列表 (编译源文件 stdafx.cpp)
c:\program files (x86)\microsoft visual studio\2017\community\vc\tools\msvc\14.16.27023\include\type_traits(168): error C2955: “std::_Arg_types”: 使用 类 模板 需要 模板 参数列表 (编译源文件 gobang.cpp)
  c:\program files (x86)\microsoft visual studio\2017\community\vc\tools\msvc\14.16.27023\include\type_traits(145): note: 参见“std::_Arg_types”的声明 (编译源文件 stdafx.cpp)
  c:\program files (x86)\microsoft visual studio\2017\community\vc\tools\msvc\14.16.27023\include\type_traits(145): note: 参见“std::_Arg_types”的声明 (编译源文件 gobang.cpp)
  c:\program files (x86)\microsoft visual studio\2017\community\vc\tools\msvc\14.16.27023\include\type_traits(168): note: 参见对正在编译的 类 模板 实例化 "std::_Is_function<_Ret(_Types...) noexcept const &>" 的引用 (编译源文件 stdafx.cpp)
  c:\program files (x86)\microsoft visual studio\2017\community\vc\tools\msvc\14.16.27023\include\type_traits(168): note: 参见对正在编译的 类 模板 实例化 "std::_Is_function<_Ret(_Types...) noexcept const &>" 的引用 (编译源文件 gobang.cpp)
c:\program files (x86)\microsoft visual studio\2017\community\vc\tools\msvc\14.16.27023\include\type_traits(168): error C2955: “std::_Arg_types”: 使用 类 模板 需要 模板 参数列表 (编译源文件 stdafx.cpp)
c:\program files (x86)\microsoft visual studio\2017\community\vc\tools\msvc\14.16.27023\include\type_traits(168): error C2955: “std::_Arg_types”: 使用 类 模板 需要 模板 参数列表 (编译源文件 gobang.cpp)
  c:\program files (x86)\microsoft visual studio\2017\community\vc\tools\msvc\14.16.27023\include\type_traits(145): note: 参见“std::_Arg_types”的声明 (编译源文件 gobang.cpp)
  c:\program files (x86)\microsoft visual studio\2017\community\vc\tools\msvc\14.16.27023\include\type_traits(145): note: 参见“std::_Arg_types”的声明 (编译源文件 stdafx.cpp)
  c:\program files (x86)\microsoft visual studio\2017\community\vc\tools\msvc\14.16.27023\include\type_traits(168): note: 参见对正在编译的 类 模板 实例化 "std::_Is_function<_Ret(_Types...) noexcept volatile &>" 的引用 (编译源文件 gobang.cpp)
  c:\program files (x86)\microsoft visual studio\2017\community\vc\tools\msvc\14.16.27023\include\type_traits(168): note: 参见对正在编译的 类 模板 实例化 "std::_Is_function<_Ret(_Types...) noexcept volatile &>" 的引用 (编译源文件 stdafx.cpp)
c:\program files (x86)\microsoft visual studio\2017\community\vc\tools\msvc\14.16.27023\include\type_traits(168): error C2955: “std::_Arg_types”: 使用 类 模板 需要 模板 参数列表 (编译源文件 stdafx.cpp)
  c:\program files (x86)\microsoft visual studio\2017\community\vc\tools\msvc\14.16.27023\include\type_traits(145): note: 参见“std::_Arg_types”的声明 (编译源文件 stdafx.cpp)
c:\program files (x86)\microsoft visual studio\2017\community\vc\tools\msvc\14.16.27023\include\type_traits(168): error C2955: “std::_Arg_types”: 使用 类 模板 需要 模板 参数列表 (编译源文件 gobang.cpp)
  c:\program files (x86)\microsoft visual studio\2017\community\vc\tools\msvc\14.16.27023\include\type_traits(168): note: 参见对正在编译的 类 模板 实例化 "std::_Is_function<_Ret(_Types...) noexcept volatile &>" 的引用 (编译源文件 stdafx.cpp)
  c:\program files (x86)\microsoft visual studio\2017\community\vc\tools\msvc\14.16.27023\include\type_traits(145): note: 参见“std::_Arg_types”的声明 (编译源文件 gobang.cpp)
  c:\program files (x86)\microsoft visual studio\2017\community\vc\tools\msvc\14.16.27023\include\type_traits(168): note: 参见对正在编译的 类 模板 实例化 "std::_Is_function<_Ret(_Types...) noexcept volatile &>" 的引用 (编译源文件 gobang.cpp)
c:\program files (x86)\microsoft visual studio\2017\community\vc\tools\msvc\14.16.27023\include\type_traits(168): error C2955: “std::_Arg_types”: 使用 类 模板 需要 模板 参数列表 (编译源文件 stdafx.cpp)
  c:\program files (x86)\microsoft visual studio\2017\community\vc\tools\msvc\14.16.27023\include\type_traits(145): note: 参见“std::_Arg_types”的声明 (编译源文件 stdafx.cpp)
c:\program files (x86)\microsoft visual studio\2017\community\vc\tools\msvc\14.16.27023\include\type_traits(168): error C2955: “std::_Arg_types”: 使用 类 模板 需要 模板 参数列表 (编译源文件 gobang.cpp)
  c:\program files (x86)\microsoft visual studio\2017\community\vc\tools\msvc\14.16.27023\include\type_traits(168): note: 参见对正在编译的 类 模板 实例化 "std::_Is_function<_Ret(_Types...) noexcept volatile const &>" 的引用 (编译源文件 stdafx.cpp)
  c:\program files (x86)\microsoft visual studio\2017\community\vc\tools\msvc\14.16.27023\include\type_traits(145): note: 参见“std::_Arg_types”的声明 (编译源文件 gobang.cpp)
  c:\program files (x86)\microsoft visual studio\2017\community\vc\tools\msvc\14.16.27023\include\type_traits(168): note: 参见对正在编译的 类 模板 实例化 "std::_Is_function<_Ret(_Types...) noexcept volatile const &>" 的引用 (编译源文件 gobang.cpp)
c:\program files (x86)\microsoft visual studio\2017\community\vc\tools\msvc\14.16.27023\include\type_traits(168): error C2955: “std::_Arg_types”: 使用 类 模板 需要 模板 参数列表 (编译源文件 gobang.cpp)
c:\program files (x86)\microsoft visual studio\2017\community\vc\tools\msvc\14.16.27023\include\type_traits(168): error C2955: “std::_Arg_types”: 使用 类 模板 需要 模板 参数列表 (编译源文件 stdafx.cpp)
  c:\program files (x86)\microsoft visual studio\2017\community\vc\tools\msvc\14.16.27023\include\type_traits(145): note: 参见“std::_Arg_types”的声明 (编译源文件 stdafx.cpp)
  c:\program files (x86)\microsoft visual studio\2017\community\vc\tools\msvc\14.16.27023\include\type_traits(145): note: 参见“std::_Arg_types”的声明 (编译源文件 gobang.cpp)
  c:\program files (x86)\microsoft visual studio\2017\community\vc\tools\msvc\14.16.27023\include\type_traits(168): note: 参见对正在编译的 类 模板 实例化 "std::_Is_function<_Ret(_Types...) noexcept volatile const &>" 的引用 (编译源文件 stdafx.cpp)
  c:\program files (x86)\microsoft visual studio\2017\community\vc\tools\msvc\14.16.27023\include\type_traits(168): note: 参见对正在编译的 类 模板 实例化 "std::_Is_function<_Ret(_Types...) noexcept volatile const &>" 的引用 (编译源文件 gobang.cpp)
c:\program files (x86)\microsoft visual studio\2017\community\vc\tools\msvc\14.16.27023\include\type_traits(168): error C2955: “std::_Arg_types”: 使用 类 模板 需要 模板 参数列表 (编译源文件 stdafx.cpp)
  c:\program files (x86)\microsoft visual studio\2017\community\vc\tools\msvc\14.16.27023\include\type_traits(145): note: 参见“std::_Arg_types”的声明 (编译源文件 stdafx.cpp)
c:\program files (x86)\microsoft visual studio\2017\community\vc\tools\msvc\14.16.27023\include\type_traits(168): error C2955: “std::_Arg_types”: 使用 类 模板 需要 模板 参数列表 (编译源文件 gobang.cpp)
  c:\program files (x86)\microsoft visual studio\2017\community\vc\tools\msvc\14.16.27023\include\type_traits(168): note: 参见对正在编译的 类 模板 实例化 "std::_Is_function<_Ret(_Types...) noexcept &&>" 的引用 (编译源文件 stdafx.cpp)
  c:\program files (x86)\microsoft visual studio\2017\community\vc\tools\msvc\14.16.27023\include\type_traits(145): note: 参见“std::_Arg_types”的声明 (编译源文件 gobang.cpp)
  c:\program files (x86)\microsoft visual studio\2017\community\vc\tools\msvc\14.16.27023\include\type_traits(168): note: 参见对正在编译的 类 模板 实例化 "std::_Is_function<_Ret(_Types...) noexcept &&>" 的引用 (编译源文件 gobang.cpp)
c:\program files (x86)\microsoft visual studio\2017\community\vc\tools\msvc\14.16.27023\include\type_traits(168): error C2955: “std::_Arg_types”: 使用 类 模板 需要 模板 参数列表 (编译源文件 stdafx.cpp)
  c:\program files (x86)\microsoft visual studio\2017\community\vc\tools\msvc\14.16.27023\include\type_traits(145): note: 参见“std::_Arg_types”的声明 (编译源文件 stdafx.cpp)
c:\program files (x86)\microsoft visual studio\2017\community\vc\tools\msvc\14.16.27023\include\type_traits(168): error C2955: “std::_Arg_types”: 使用 类 模板 需要 模板 参数列表 (编译源文件 gobang.cpp)
  c:\program files (x86)\microsoft visual studio\2017\community\vc\tools\msvc\14.16.27023\include\type_traits(168): note: 参见对正在编译的 类 模板 实例化 "std::_Is_function<_Ret(_Types...) noexcept &&>" 的引用 (编译源文件 stdafx.cpp)
  c:\program files (x86)\microsoft visual studio\2017\community\vc\tools\msvc\14.16.27023\include\type_traits(145): note: 参见“std::_Arg_types”的声明 (编译源文件 gobang.cpp)
  c:\program files (x86)\microsoft visual studio\2017\community\vc\tools\msvc\14.16.27023\include\type_traits(168): note: 参见对正在编译的 类 模板 实例化 "std::_Is_function<_Ret(_Types...) noexcept &&>" 的引用 (编译源文件 gobang.cpp)
c:\program files (x86)\microsoft visual studio\2017\community\vc\tools\msvc\14.16.27023\include\type_traits(168): error C2955: “std::_Arg_types”: 使用 类 模板 需要 模板 参数列表 (编译源文件 stdafx.cpp)
  c:\program files (x86)\microsoft visual studio\2017\community\vc\tools\msvc\14.16.27023\include\type_traits(145): note: 参见“std::_Arg_types”的声明 (编译源文件 stdafx.cpp)
c:\program files (x86)\microsoft visual studio\2017\community\vc\tools\msvc\14.16.27023\include\type_traits(168): error C2955: “std::_Arg_types”: 使用 类 模板 需要 模板 参数列表 (编译源文件 gobang.cpp)
  c:\program files (x86)\microsoft visual studio\2017\community\vc\tools\msvc\14.16.27023\include\type_traits(145): note: 参见“std::_Arg_types”的声明 (编译源文件 gobang.cpp)
  c:\program files (x86)\microsoft visual studio\2017\community\vc\tools\msvc\14.16.27023\include\type_traits(168): note: 参见对正在编译的 类 模板 实例化 "std::_Is_function<_Ret(_Types...) noexcept const &&>" 的引用 (编译源文件 stdafx.cpp)
  c:\program files (x86)\microsoft visual studio\2017\community\vc\tools\msvc\14.16.27023\include\type_traits(168): note: 参见对正在编译的 类 模板 实例化 "std::_Is_function<_Ret(_Types...) noexcept const &&>" 的引用 (编译源文件 gobang.cpp)
c:\program files (x86)\microsoft visual studio\2017\community\vc\tools\msvc\14.16.27023\include\type_traits(168): error C2955: “std::_Arg_types”: 使用 类 模板 需要 模板 参数列表 (编译源文件 stdafx.cpp)
c:\program files (x86)\microsoft visual studio\2017\community\vc\tools\msvc\14.16.27023\include\type_traits(168): error C2955: “std::_Arg_types”: 使用 类 模板 需要 模板 参数列表 (编译源文件 gobang.cpp)
  c:\program files (x86)\microsoft visual studio\2017\community\vc\tools\msvc\14.16.27023\include\type_traits(145): note: 参见“std::_Arg_types”的声明 (编译源文件 stdafx.cpp)
  c:\program files (x86)\microsoft visual studio\2017\community\vc\tools\msvc\14.16.27023\include\type_traits(145): note: 参见“std::_Arg_types”的声明 (编译源文件 gobang.cpp)
  c:\program files (x86)\microsoft visual studio\2017\community\vc\tools\msvc\14.16.27023\include\type_traits(168): note: 参见对正在编译的 类 模板 实例化 "std::_Is_function<_Ret(_Types...) noexcept const &&>" 的引用 (编译源文件 stdafx.cpp)
  c:\program files (x86)\microsoft visual studio\2017\community\vc\tools\msvc\14.16.27023\include\type_traits(168): note: 参见对正在编译的 类 模板 实例化 "std::_Is_function<_Ret(_Types...) noexcept const &&>" 的引用 (编译源文件 gobang.cpp)
c:\program files (x86)\microsoft visual studio\2017\community\vc\tools\msvc\14.16.27023\include\type_traits(168): error C2955: “std::_Arg_types”: 使用 类 模板 需要 模板 参数列表 (编译源文件 stdafx.cpp)
  c:\program files (x86)\microsoft visual studio\2017\community\vc\tools\msvc\14.16.27023\include\type_traits(145): note: 参见“std::_Arg_types”的声明 (编译源文件 stdafx.cpp)
  c:\program files (x86)\microsoft visual studio\2017\community\vc\tools\msvc\14.16.27023\include\type_traits(168): note: 参见对正在编译的 类 模板 实例化 "std::_Is_function<_Ret(_Types...) noexcept volatile &&>" 的引用 (编译源文件 stdafx.cpp)
c:\program files (x86)\microsoft visual studio\2017\community\vc\tools\msvc\14.16.27023\include\type_traits(168): error C2955: “std::_Arg_types”: 使用 类 模板 需要 模板 参数列表 (编译源文件 gobang.cpp)
c:\program files (x86)\microsoft visual studio\2017\community\vc\tools\msvc\14.16.27023\include\type_traits(168): error C2955: “std::_Arg_types”: 使用 类 模板 需要 模板 参数列表 (编译源文件 stdafx.cpp)
  c:\program files (x86)\microsoft visual studio\2017\community\vc\tools\msvc\14.16.27023\include\type_traits(145): note: 参见“std::_Arg_types”的声明 (编译源文件 stdafx.cpp)c:\program files (x86)\microsoft visual studio\2017\community\vc\tools\msvc\14.16.27023\include\type_traits(145): note: 参见“std::_Arg_types”的声明 (编译源文件 gobang.cpp)
  
  c:\program files (x86)\microsoft visual studio\2017\community\vc\tools\msvc\14.16.27023\include\type_traits(168): note: 参见对正在编译的 类 模板 实例化 "std::_Is_function<_Ret(_Types...) noexcept volatile &&>" 的引用 (编译源文件 gobang.cpp)
  c:\program files (x86)\microsoft visual studio\2017\community\vc\tools\msvc\14.16.27023\include\type_traits(168): note: 参见对正在编译的 类 模板 实例化 "std::_Is_function<_Ret(_Types...) noexcept volatile &&>" 的引用 (编译源文件 stdafx.cpp)
c:\program files (x86)\microsoft visual studio\2017\community\vc\tools\msvc\14.16.27023\include\type_traits(168): error C2955: “std::_Arg_types”: 使用 类 模板 需要 模板 参数列表 (编译源文件 gobang.cpp)
c:\program files (x86)\microsoft visual studio\2017\community\vc\tools\msvc\14.16.27023\include\type_traits(168): error C2955: “std::_Arg_types”: 使用 类 模板 需要 模板 参数列表 (编译源文件 stdafx.cpp)
  c:\program files (x86)\microsoft visual studio\2017\community\vc\tools\msvc\14.16.27023\include\type_traits(145): note: 参见“std::_Arg_types”的声明 (编译源文件 gobang.cpp)
  c:\program files (x86)\microsoft visual studio\2017\community\vc\tools\msvc\14.16.27023\include\type_traits(145): note: 参见“std::_Arg_types”的声明 (编译源文件 stdafx.cpp)
  c:\program files (x86)\microsoft visual studio\2017\community\vc\tools\msvc\14.16.27023\include\type_traits(168): note: 参见对正在编译的 类 模板 实例化 "std::_Is_function<_Ret(_Types...) noexcept volatile &&>" 的引用 (编译源文件 gobang.cpp)
  c:\program files (x86)\microsoft visual studio\2017\community\vc\tools\msvc\14.16.27023\include\type_traits(168): note: 参见对正在编译的 类 模板 实例化 "std::_Is_function<_Ret(_Types...) noexcept volatile const &&>" 的引用 (编译源文件 stdafx.cpp)
c:\program files (x86)\microsoft visual studio\2017\community\vc\tools\msvc\14.16.27023\include\type_traits(168): error C2955: “std::_Arg_types”: 使用 类 模板 需要 模板 参数列表 (编译源文件 gobang.cpp)
c:\program files (x86)\microsoft visual studio\2017\community\vc\tools\msvc\14.16.27023\include\type_traits(168): error C2955: “std::_Arg_types”: 使用 类 模板 需要 模板 参数列表 (编译源文件 stdafx.cpp)
  c:\program files (x86)\microsoft visual studio\2017\community\vc\tools\msvc\14.16.27023\include\type_traits(145): note: 参见“std::_Arg_types”的声明 (编译源文件 gobang.cpp)
  c:\program files (x86)\microsoft visual studio\2017\community\vc\tools\msvc\14.16.27023\include\type_traits(145): note: 参见“std::_Arg_types”的声明 (编译源文件 stdafx.cpp)
  c:\program files (x86)\microsoft visual studio\2017\community\vc\tools\msvc\14.16.27023\include\type_traits(168): note: 参见对正在编译的 类 模板 实例化 "std::_Is_function<_Ret(_Types...) noexcept volatile const &&>" 的引用 (编译源文件 gobang.cpp)
  c:\program files (x86)\microsoft visual studio\2017\community\vc\tools\msvc\14.16.27023\include\type_traits(168): note: 参见对正在编译的 类 模板 实例化 "std::_Is_function<_Ret(_Types...) noexcept volatile const &&>" 的引用 (编译源文件 stdafx.cpp)
c:\program files (x86)\microsoft visual studio\2017\community\vc\tools\msvc\14.16.27023\include\type_traits(168): error C2955: “std::_Arg_types”: 使用 类 模板 需要 模板 参数列表 (编译源文件 gobang.cpp)
  c:\program files (x86)\microsoft visual studio\2017\community\vc\tools\msvc\14.16.27023\include\type_traits(145): note: 参见“std::_Arg_types”的声明 (编译源文件 gobang.cpp)
  c:\program files (x86)\microsoft visual studio\2017\community\vc\tools\msvc\14.16.27023\include\type_traits(168): note: 参见对正在编译的 类 模板 实例化 "std::_Is_function<_Ret(_Types...) noexcept volatile const &&>" 的引用 (编译源文件 gobang.cpp)
c:\program files (x86)\microsoft visual studio\2017\community\vc\tools\msvc\14.16.27023\include\type_traits(212): error C2955: “std::_Arg_types”: 使用 类 模板 需要 模板 参数列表 (编译源文件 stdafx.cpp)
  c:\program files (x86)\microsoft visual studio\2017\community\vc\tools\msvc\14.16.27023\include\type_traits(145): note: 参见“std::_Arg_types”的声明 (编译源文件 stdafx.cpp)
  c:\program files (x86)\microsoft visual studio\2017\community\vc\tools\msvc\14.16.27023\include\type_traits(212): note: 参见对正在编译的 类 模板 实例化 "std::_Is_memfunptr<_Ret(__cdecl _Arg0::* )(_Types...)>" 的引用 (编译源文件 stdafx.cpp)
c:\program files (x86)\microsoft visual studio\2017\community\vc\tools\msvc\14.16.27023\include\type_traits(212): error C2993: “_Ret (_Types...)”: 非类型模板参数“_Test”的类型非法 (编译源文件 stdafx.cpp)
c:\program files (x86)\microsoft visual studio\2017\community\vc\tools\msvc\14.16.27023\include\type_traits(212): error C2955: “std::_Arg_types”: 使用 类 模板 需要 模板 参数列表 (编译源文件 stdafx.cpp)
  c:\program files (x86)\microsoft visual studio\2017\community\vc\tools\msvc\14.16.27023\include\type_traits(145): note: 参见“std::_Arg_types”的声明 (编译源文件 stdafx.cpp)
  c:\program files (x86)\microsoft visual studio\2017\community\vc\tools\msvc\14.16.27023\include\type_traits(212): note: 参见对正在编译的 类 模板 实例化 "std::_Is_memfunptr<_Ret(__vectorcall _Arg0::* )(_Types...)>" 的引用 (编译源文件 stdafx.cpp)
c:\program files (x86)\microsoft visual studio\2017\community\vc\tools\msvc\14.16.27023\include\type_traits(212): error C2993: “_Ret (_Types...)”: 非类型模板参数“_Test”的类型非法 (编译源文件 stdafx.cpp)
c:\program files (x86)\microsoft visual studio\2017\community\vc\tools\msvc\14.16.27023\include\type_traits(212): error C2955: “std::_Arg_types”: 使用 类 模板 需要 模板 参数列表 (编译源文件 gobang.cpp)
c:\program files (x86)\microsoft visual studio\2017\community\vc\tools\msvc\14.16.27023\include\type_traits(212): error C2955: “std::_Arg_types”: 使用 类 模板 需要 模板 参数列表 (编译源文件 stdafx.cpp)
  c:\program files (x86)\microsoft visual studio\2017\community\vc\tools\msvc\14.16.27023\include\type_traits(145): note: 参见“std::_Arg_types”的声明 (编译源文件 stdafx.cpp)
  c:\program files (x86)\microsoft visual studio\2017\community\vc\tools\msvc\14.16.27023\include\type_traits(145): note: 参见“std::_Arg_types”的声明 (编译源文件 gobang.cpp)
  c:\program files (x86)\microsoft visual studio\2017\community\vc\tools\msvc\14.16.27023\include\type_traits(212): note: 参见对正在编译的 类 模板 实例化 "std::_Is_memfunptr<_Ret(__cdecl _Arg0::* )(_Types...) const>" 的引用 (编译源文件 stdafx.cpp)
  c:\program files (x86)\microsoft visual studio\2017\community\vc\tools\msvc\14.16.27023\include\type_traits(212): note: 参见对正在编译的 类 模板 实例化 "std::_Is_memfunptr<_Ret(__cdecl _Arg0::* )(_Types...)>" 的引用 (编译源文件 gobang.cpp)
c:\program files (x86)\microsoft visual studio\2017\community\vc\tools\msvc\14.16.27023\include\type_traits(212): error C2993: “_Ret (_Types...)”: 非类型模板参数“_Test”的类型非法 (编译源文件 stdafx.cpp)
c:\program files (x86)\microsoft visual studio\2017\community\vc\tools\msvc\14.16.27023\include\type_traits(212): error C2993: “_Ret (_Types...)”: 非类型模板参数“_Test”的类型非法 (编译源文件 gobang.cpp)
c:\program files (x86)\microsoft visual studio\2017\community\vc\tools\msvc\14.16.27023\include\type_traits(212): error C2955: “std::_Arg_types”: 使用 类 模板 需要 模板 参数列表 (编译源文件 stdafx.cpp)
  c:\program files (x86)\microsoft visual studio\2017\community\vc\tools\msvc\14.16.27023\include\type_traits(145): note: 参见“std::_Arg_types”的声明 (编译源文件 stdafx.cpp)
c:\program files (x86)\microsoft visual studio\2017\community\vc\tools\msvc\14.16.27023\include\type_traits(212): error C2955: “std::_Arg_types”: 使用 类 模板 需要 模板 参数列表 (编译源文件 gobang.cpp)
  c:\program files (x86)\microsoft visual studio\2017\community\vc\tools\msvc\14.16.27023\include\type_traits(212): note: 参见对正在编译的 类 模板 实例化 "std::_Is_memfunptr<_Ret(__vectorcall _Arg0::* )(_Types...) const>" 的引用 (编译源文件 stdafx.cpp)
  c:\program files (x86)\microsoft visual studio\2017\community\vc\tools\msvc\14.16.27023\include\type_traits(145): note: 参见“std::_Arg_types”的声明 (编译源文件 gobang.cpp)
c:\program files (x86)\microsoft visual studio\2017\community\vc\tools\msvc\14.16.27023\include\type_traits(212): error C2993: “_Ret (_Types...)”: 非类型模板参数“_Test”的类型非法 (编译源文件 stdafx.cpp)
  c:\program files (x86)\microsoft visual studio\2017\community\vc\tools\msvc\14.16.27023\include\type_traits(212): note: 参见对正在编译的 类 模板 实例化 "std::_Is_memfunptr<_Ret(__vectorcall _Arg0::* )(_Types...)>" 的引用 (编译源文件 gobang.cpp)
c:\program files (x86)\microsoft visual studio\2017\community\vc\tools\msvc\14.16.27023\include\type_traits(212): error C2993: “_Ret (_Types...)”: 非类型模板参数“_Test”的类型非法 (编译源文件 gobang.cpp)
c:\program files (x86)\microsoft visual studio\2017\community\vc\tools\msvc\14.16.27023\include\type_traits(212): error C2955: “std::_Arg_types”: 使用 类 模板 需要 模板 参数列表 (编译源文件 stdafx.cpp)
  c:\program files (x86)\microsoft visual studio\2017\community\vc\tools\msvc\14.16.27023\include\type_traits(145): note: 参见“std::_Arg_types”的声明 (编译源文件 stdafx.cpp)
c:\program files (x86)\microsoft visual studio\2017\community\vc\tools\msvc\14.16.27023\include\type_traits(212): error C2955: “std::_Arg_types”: 使用 类 模板 需要 模板 参数列表 (编译源文件 gobang.cpp)
  c:\program files (x86)\microsoft visual studio\2017\community\vc\tools\msvc\14.16.27023\include\type_traits(212): note: 参见对正在编译的 类 模板 实例化 "std::_Is_memfunptr<_Ret(__cdecl _Arg0::* )(_Types...) volatile>" 的引用 (编译源文件 stdafx.cpp)
  c:\program files (x86)\microsoft visual studio\2017\community\vc\tools\msvc\14.16.27023\include\type_traits(145): note: 参见“std::_Arg_types”的声明 (编译源文件 gobang.cpp)
  c:\program files (x86)\microsoft visual studio\2017\community\vc\tools\msvc\14.16.27023\include\type_traits(212): note: 参见对正在编译的 类 模板 实例化 "std::_Is_memfunptr<_Ret(__cdecl _Arg0::* )(_Types...) const>" 的引用 (编译源文件 gobang.cpp)
c:\program files (x86)\microsoft visual studio\2017\community\vc\tools\msvc\14.16.27023\include\type_traits(212): error C2993: “_Ret (_Types...)”: 非类型模板参数“_Test”的类型非法 (编译源文件 stdafx.cpp)
c:\program files (x86)\microsoft visual studio\2017\community\vc\tools\msvc\14.16.27023\include\type_traits(212): error C2993: “_Ret (_Types...)”: 非类型模板参数“_Test”的类型非法 (编译源文件 gobang.cpp)
c:\program files (x86)\microsoft visual studio\2017\community\vc\tools\msvc\14.16.27023\include\type_traits(212): error C2955: “std::_Arg_types”: 使用 类 模板 需要 模板 参数列表 (编译源文件 stdafx.cpp)
  c:\program files (x86)\microsoft visual studio\2017\community\vc\tools\msvc\14.16.27023\include\type_traits(145): note: 参见“std::_Arg_types”的声明 (编译源文件 stdafx.cpp)
  c:\program files (x86)\microsoft visual studio\2017\community\vc\tools\msvc\14.16.27023\include\type_traits(212): note: 参见对正在编译的 类 模板 实例化 "std::_Is_memfunptr<_Ret(__vectorcall _Arg0::* )(_Types...) volatile>" 的引用 (编译源文件 stdafx.cpp)
c:\program files (x86)\microsoft visual studio\2017\community\vc\tools\msvc\14.16.27023\include\type_traits(212): error C2993: “_Ret (_Types...)”: 非类型模板参数“_Test”的类型非法 (编译源文件 stdafx.cpp)
c:\program files (x86)\microsoft visual studio\2017\community\vc\tools\msvc\14.16.27023\include\type_traits(212): error C2955: “std::_Arg_types”: 使用 类 模板 需要 模板 参数列表 (编译源文件 gobang.cpp)
c:\program files (x86)\microsoft visual studio\2017\community\vc\tools\msvc\14.16.27023\include\type_traits(212): error C2955: “std::_Arg_types”: 使用 类 模板 需要 模板 参数列表 (编译源文件 stdafx.cpp)
  c:\program files (x86)\microsoft visual studio\2017\community\vc\tools\msvc\14.16.27023\include\type_traits(145): note: 参见“std::_Arg_types”的声明 (编译源文件 gobang.cpp)
  c:\program files (x86)\microsoft visual studio\2017\community\vc\tools\msvc\14.16.27023\include\type_traits(145): note: 参见“std::_Arg_types”的声明 (编译源文件 stdafx.cpp)
  c:\program files (x86)\microsoft visual studio\2017\community\vc\tools\msvc\14.16.27023\include\type_traits(212): note: 参见对正在编译的 类 模板 实例化 "std::_Is_memfunptr<_Ret(__vectorcall _Arg0::* )(_Types...) const>" 的引用 (编译源文件 gobang.cpp)
  c:\program files (x86)\microsoft visual studio\2017\community\vc\tools\msvc\14.16.27023\include\type_traits(212): note: 参见对正在编译的 类 模板 实例化 "std::_Is_memfunptr<_Ret(__cdecl _Arg0::* )(_Types...) volatile const>" 的引用 (编译源文件 stdafx.cpp)
c:\program files (x86)\microsoft visual studio\2017\community\vc\tools\msvc\14.16.27023\include\type_traits(212): error C2993: “_Ret (_Types...)”: 非类型模板参数“_Test”的类型非法 (编译源文件 gobang.cpp)
c:\program files (x86)\microsoft visual studio\2017\community\vc\tools\msvc\14.16.27023\include\type_traits(212): error C2993: “_Ret (_Types...)”: 非类型模板参数“_Test”的类型非法 (编译源文件 stdafx.cpp)
c:\program files (x86)\microsoft visual studio\2017\community\vc\tools\msvc\14.16.27023\include\type_traits(212): error C2955: “std::_Arg_types”: 使用 类 模板 需要 模板 参数列表 (编译源文件 gobang.cpp)
c:\program files (x86)\microsoft visual studio\2017\community\vc\tools\msvc\14.16.27023\include\type_traits(212): error C2955: “std::_Arg_types”: 使用 类 模板 需要 模板 参数列表 (编译源文件 stdafx.cpp)
  c:\program files (x86)\microsoft visual studio\2017\community\vc\tools\msvc\14.16.27023\include\type_traits(145): note: 参见“std::_Arg_types”的声明 (编译源文件 gobang.cpp)
  c:\program files (x86)\microsoft visual studio\2017\community\vc\tools\msvc\14.16.27023\include\type_traits(145): note: 参见“std::_Arg_types”的声明 (编译源文件 stdafx.cpp)
  c:\program files (x86)\microsoft visual studio\2017\community\vc\tools\msvc\14.16.27023\include\type_traits(212): note: 参见对正在编译的 类 模板 实例化 "std::_Is_memfunptr<_Ret(__cdecl _Arg0::* )(_Types...) volatile>" 的引用 (编译源文件 gobang.cpp)
  c:\program files (x86)\microsoft visual studio\2017\community\vc\tools\msvc\14.16.27023\include\type_traits(212): note: 参见对正在编译的 类 模板 实例化 "std::_Is_memfunptr<_Ret(__vectorcall _Arg0::* )(_Types...) volatile const>" 的引用 (编译源文件 stdafx.cpp)
c:\program files (x86)\microsoft visual studio\2017\community\vc\tools\msvc\14.16.27023\include\type_traits(212): error C2993: “_Ret (_Types...)”: 非类型模板参数“_Test”的类型非法 (编译源文件 gobang.cpp)
c:\program files (x86)\microsoft visual studio\2017\community\vc\tools\msvc\14.16.27023\include\type_traits(212): error C2993: “_Ret (_Types...)”: 非类型模板参数“_Test”的类型非法 (编译源文件 stdafx.cpp)
c:\program files (x86)\microsoft visual studio\2017\community\vc\tools\msvc\14.16.27023\include\type_traits(212): error C2955: “std::_Arg_types”: 使用 类 模板 需要 模板 参数列表 (编译源文件 gobang.cpp)
c:\program files (x86)\microsoft visual studio\2017\community\vc\tools\msvc\14.16.27023\include\type_traits(212): error C2955: “std::_Arg_types”: 使用 类 模板 需要 模板 参数列表 (编译源文件 stdafx.cpp)
  c:\program files (x86)\microsoft visual studio\2017\community\vc\tools\msvc\14.16.27023\include\type_traits(145): note: 参见“std::_Arg_types”的声明 (编译源文件 gobang.cpp)
  c:\program files (x86)\microsoft visual studio\2017\community\vc\tools\msvc\14.16.27023\include\type_traits(145): note: 参见“std::_Arg_types”的声明 (编译源文件 stdafx.cpp)
  c:\program files (x86)\microsoft visual studio\2017\community\vc\tools\msvc\14.16.27023\include\type_traits(212): note: 参见对正在编译的 类 模板 实例化 "std::_Is_memfunptr<_Ret(__vectorcall _Arg0::* )(_Types...) volatile>" 的引用 (编译源文件 gobang.cpp)
  c:\program files (x86)\microsoft visual studio\2017\community\vc\tools\msvc\14.16.27023\include\type_traits(212): note: 参见对正在编译的 类 模板 实例化 "std::_Is_memfunptr<_Ret(__cdecl _Arg0::* )(_Types...) &>" 的引用 (编译源文件 stdafx.cpp)
c:\program files (x86)\microsoft visual studio\2017\community\vc\tools\msvc\14.16.27023\include\type_traits(212): error C2993: “_Ret (_Types...)”: 非类型模板参数“_Test”的类型非法 (编译源文件 gobang.cpp)
c:\program files (x86)\microsoft visual studio\2017\community\vc\tools\msvc\14.16.27023\include\type_traits(212): error C2993: “_Ret (_Types...)”: 非类型模板参数“_Test”的类型非法 (编译源文件 stdafx.cpp)
c:\program files (x86)\microsoft visual studio\2017\community\vc\tools\msvc\14.16.27023\include\type_traits(212): error C2955: “std::_Arg_types”: 使用 类 模板 需要 模板 参数列表 (编译源文件 gobang.cpp)
c:\program files (x86)\microsoft visual studio\2017\community\vc\tools\msvc\14.16.27023\include\type_traits(212): error C2955: “std::_Arg_types”: 使用 类 模板 需要 模板 参数列表 (编译源文件 stdafx.cpp)
  c:\program files (x86)\microsoft visual studio\2017\community\vc\tools\msvc\14.16.27023\include\type_traits(145): note: 参见“std::_Arg_types”的声明 (编译源文件 gobang.cpp)
  c:\program files (x86)\microsoft visual studio\2017\community\vc\tools\msvc\14.16.27023\include\type_traits(145): note: 参见“std::_Arg_types”的声明 (编译源文件 stdafx.cpp)
  c:\program files (x86)\microsoft visual studio\2017\community\vc\tools\msvc\14.16.27023\include\type_traits(212): note: 参见对正在编译的 类 模板 实例化 "std::_Is_memfunptr<_Ret(__cdecl _Arg0::* )(_Types...) volatile const>" 的引用 (编译源文件 gobang.cpp)
  c:\program files (x86)\microsoft visual studio\2017\community\vc\tools\msvc\14.16.27023\include\type_traits(212): note: 参见对正在编译的 类 模板 实例化 "std::_Is_memfunptr<_Ret(__vectorcall _Arg0::* )(_Types...) &>" 的引用 (编译源文件 stdafx.cpp)
c:\program files (x86)\microsoft visual studio\2017\community\vc\tools\msvc\14.16.27023\include\type_traits(212): error C2993: “_Ret (_Types...)”: 非类型模板参数“_Test”的类型非法 (编译源文件 gobang.cpp)
c:\program files (x86)\microsoft visual studio\2017\community\vc\tools\msvc\14.16.27023\include\type_traits(212): error C2993: “_Ret (_Types...)”: 非类型模板参数“_Test”的类型非法 (编译源文件 stdafx.cpp)
c:\program files (x86)\microsoft visual studio\2017\community\vc\tools\msvc\14.16.27023\include\type_traits(212): error C2955: “std::_Arg_types”: 使用 类 模板 需要 模板 参数列表 (编译源文件 gobang.cpp)
c:\program files (x86)\microsoft visual studio\2017\community\vc\tools\msvc\14.16.27023\include\type_traits(212): error C2955: “std::_Arg_types”: 使用 类 模板 需要 模板 参数列表 (编译源文件 stdafx.cpp)
  c:\program files (x86)\microsoft visual studio\2017\community\vc\tools\msvc\14.16.27023\include\type_traits(145): note: 参见“std::_Arg_types”的声明 (编译源文件 gobang.cpp)
  c:\program files (x86)\microsoft visual studio\2017\community\vc\tools\msvc\14.16.27023\include\type_traits(145): note: 参见“std::_Arg_types”的声明 (编译源文件 stdafx.cpp)
  c:\program files (x86)\microsoft visual studio\2017\community\vc\tools\msvc\14.16.27023\include\type_traits(212): note: 参见对正在编译的 类 模板 实例化 "std::_Is_memfunptr<_Ret(__vectorcall _Arg0::* )(_Types...) volatile const>" 的引用 (编译源文件 gobang.cpp)
  c:\program files (x86)\microsoft visual studio\2017\community\vc\tools\msvc\14.16.27023\include\type_traits(212): note: 参见对正在编译的 类 模板 实例化 "std::_Is_memfunptr<_Ret(__cdecl _Arg0::* )(_Types...) const &>" 的引用 (编译源文件 stdafx.cpp)
c:\program files (x86)\microsoft visual studio\2017\community\vc\tools\msvc\14.16.27023\include\type_traits(212): error C2993: “_Ret (_Types...)”: 非类型模板参数“_Test”的类型非法 (编译源文件 gobang.cpp)
c:\program files (x86)\microsoft visual studio\2017\community\vc\tools\msvc\14.16.27023\include\type_traits(212): error C2993: “_Ret (_Types...)”: 非类型模板参数“_Test”的类型非法 (编译源文件 stdafx.cpp)
c:\program files (x86)\microsoft visual studio\2017\community\vc\tools\msvc\14.16.27023\include\type_traits(212): error C2955: “std::_Arg_types”: 使用 类 模板 需要 模板 参数列表 (编译源文件 gobang.cpp)
  c:\program files (x86)\microsoft visual studio\2017\community\vc\tools\msvc\14.16.27023\include\type_traits(145): note: 参见“std::_Arg_types”的声明 (编译源文件 gobang.cpp)
c:\program files (x86)\microsoft visual studio\2017\community\vc\tools\msvc\14.16.27023\include\type_traits(212): error C2955: “std::_Arg_types”: 使用 类 模板 需要 模板 参数列表 (编译源文件 stdafx.cpp)
  c:\program files (x86)\microsoft visual studio\2017\community\vc\tools\msvc\14.16.27023\include\type_traits(212): note: 参见对正在编译的 类 模板 实例化 "std::_Is_memfunptr<_Ret(__cdecl _Arg0::* )(_Types...) &>" 的引用 (编译源文件 gobang.cpp)
  c:\program files (x86)\microsoft visual studio\2017\community\vc\tools\msvc\14.16.27023\include\type_traits(145): note: 参见“std::_Arg_types”的声明 (编译源文件 stdafx.cpp)
  c:\program files (x86)\microsoft visual studio\2017\community\vc\tools\msvc\14.16.27023\include\type_traits(212): note: 参见对正在编译的 类 模板 实例化 "std::_Is_memfunptr<_Ret(__vectorcall _Arg0::* )(_Types...) const &>" 的引用 (编译源文件 stdafx.cpp)
c:\program files (x86)\microsoft visual studio\2017\community\vc\tools\msvc\14.16.27023\include\type_traits(212): error C2993: “_Ret (_Types...)”: 非类型模板参数“_Test”的类型非法 (编译源文件 gobang.cpp)
c:\program files (x86)\microsoft visual studio\2017\community\vc\tools\msvc\14.16.27023\include\type_traits(212): fatal error C1003: 错误计数超过 100；正在停止编译 (编译源文件 stdafx.cpp)
c:\program files (x86)\microsoft visual studio\2017\community\vc\tools\msvc\14.16.27023\include\type_traits(212): error C2955: “std::_Arg_types”: 使用 类 模板 需要 模板 参数列表 (编译源文件 gobang.cpp)
  c:\program files (x86)\microsoft visual studio\2017\community\vc\tools\msvc\14.16.27023\include\type_traits(145): note: 参见“std::_Arg_types”的声明 (编译源文件 gobang.cpp)
  c:\program files (x86)\microsoft visual studio\2017\community\vc\tools\msvc\14.16.27023\include\type_traits(212): note: 参见对正在编译的 类 模板 实例化 "std::_Is_memfunptr<_Ret(__vectorcall _Arg0::* )(_Types...) &>" 的引用 (编译源文件 gobang.cpp)
c:\program files (x86)\microsoft visual studio\2017\community\vc\tools\msvc\14.16.27023\include\type_traits(212): error C2993: “_Ret (_Types...)”: 非类型模板参数“_Test”的类型非法 (编译源文件 gobang.cpp)
c:\program files (x86)\microsoft visual studio\2017\community\vc\tools\msvc\14.16.27023\include\type_traits(212): error C2955: “std::_Arg_types”: 使用 类 模板 需要 模板 参数列表 (编译源文件 gobang.cpp)
  c:\program files (x86)\microsoft visual studio\2017\community\vc\tools\msvc\14.16.27023\include\type_traits(145): note: 参见“std::_Arg_types”的声明 (编译源文件 gobang.cpp)
  c:\program files (x86)\microsoft visual studio\2017\community\vc\tools\msvc\14.16.27023\include\type_traits(212): note: 参见对正在编译的 类 模板 实例化 "std::_Is_memfunptr<_Ret(__cdecl _Arg0::* )(_Types...) const &>" 的引用 (编译源文件 gobang.cpp)
c:\program files (x86)\microsoft visual studio\2017\community\vc\tools\msvc\14.16.27023\include\type_traits(212): error C2993: “_Ret (_Types...)”: 非类型模板参数“_Test”的类型非法 (编译源文件 gobang.cpp)
c:\program files (x86)\microsoft visual studio\2017\community\vc\tools\msvc\14.16.27023\include\type_traits(212): error C2955: “std::_Arg_types”: 使用 类 模板 需要 模板 参数列表 (编译源文件 gobang.cpp)
  c:\program files (x86)\microsoft visual studio\2017\community\vc\tools\msvc\14.16.27023\include\type_traits(145): note: 参见“std::_Arg_types”的声明 (编译源文件 gobang.cpp)
  c:\program files (x86)\microsoft visual studio\2017\community\vc\tools\msvc\14.16.27023\include\type_traits(212): note: 参见对正在编译的 类 模板 实例化 "std::_Is_memfunptr<_Ret(__vectorcall _Arg0::* )(_Types...) const &>" 的引用 (编译源文件 gobang.cpp)
c:\program files (x86)\microsoft visual studio\2017\community\vc\tools\msvc\14.16.27023\include\type_traits(212): fatal error C1003: 错误计数超过 100；正在停止编译 (编译源文件 gobang.cpp)
